#
# There is insufficient memory for the Java Runtime Environment to continue.
# Native memory allocation (malloc) failed to allocate 32744 bytes for Chunk::new
# Possible reasons:
#   The system is out of physical RAM or swap space
#   The process is running with CompressedOops enabled, and the Java Heap may be blocking the growth of the native heap
# Possible solutions:
#   Reduce memory load on the system
#   Increase physical memory or swap space
#   Check if swap backing store is full
#   Decrease Java heap size (-Xmx/-Xms)
#   Decrease number of Java threads
#   Decrease Java thread stack sizes (-Xss)
#   Set larger code cache with -XX:ReservedCodeCacheSize=
#   JVM is running with Unscaled Compressed Oops mode in which the Java heap is
#     placed in the first 4GB address space. The Java Heap base address is the
#     maximum limit for the native heap growth. Please use -XX:HeapBaseMinAddress
#     to set the Java Heap base and to place the Java Heap above 4GB virtual address.
# This output file may be truncated or incomplete.
#
#  Out of Memory Error (arena.cpp:184), pid=8444, tid=16560
#
# JRE version: Java(TM) SE Runtime Environment (19.0+36) (build 19+36-2238)
# Java VM: Java HotSpot(TM) 64-Bit Server VM (19+36-2238, mixed mode, sharing, tiered, compressed oops, compressed class ptrs, g1 gc, windows-amd64)
# No core dump will be written. Minidumps are not enabled by default on client versions of Windows
#

---------------  S U M M A R Y ------------

Command Line: -Dfile.encoding=UTF-8 --module-path=C:\Users\Gertrude\OneDrive\Desktop\FamilySaving\build\classes Family.Children

Host: Intel(R) Core(TM) i5-1035G1 CPU @ 1.00GHz, 8 cores, 7G,  Windows 11 , 64 bit Build 22621 (10.0.22621.1344)
Time: Thu Apr 13 14:39:09 2023 Egypt Standard Time elapsed time: 0.513417 seconds (0d 0h 0m 0s)

---------------  T H R E A D  ---------------

Current thread (0x000001b007608ac0):  JavaThread "C2 CompilerThread0" daemon [_thread_in_native, id=16560, stack(0x0000002a52600000,0x0000002a52700000)]


Current CompileTask:
C2:    513  616       4       java.util.HashMap::resize (356 bytes)

Stack: [0x0000002a52600000,0x0000002a52700000]
Native frames: (J=compiled Java code, j=interpreted, Vv=VM code, C=native code)
V  [jvm.dll+0x6ee8fa]
V  [jvm.dll+0x857a1e]
V  [jvm.dll+0x85940e]
V  [jvm.dll+0x859ac3]
V  [jvm.dll+0x28291f]
V  [jvm.dll+0xc9b5f]
V  [jvm.dll+0xc9ee5]
V  [jvm.dll+0x6ccc74]
V  [jvm.dll+0x6cb6e8]
V  [jvm.dll+0x1ed70e]
V  [jvm.dll+0x73b535]
V  [jvm.dll+0x7394dc]
V  [jvm.dll+0x1ee061]
V  [jvm.dll+0x24c41b]
V  [jvm.dll+0x24b671]
V  [jvm.dll+0x1d6d61]
V  [jvm.dll+0x25b0fa]
V  [jvm.dll+0x259588]
V  [jvm.dll+0x807928]
V  [jvm.dll+0x8015fa]
V  [jvm.dll+0x6ed5eb]
C  [ucrtbase.dll+0x29363]
C  [KERNEL32.DLL+0x126bd]
C  [ntdll.dll+0x5a9f8]


---------------  P R O C E S S  ---------------

Threads class SMR info:
_java_thread_list=0x000001b00bb7d960, length=16, elements={
0x000001b0075ee740, 0x000001b0075ef160, 0x000001b0075f0ef0, 0x000001b0075f1910,
0x000001b0075f5350, 0x000001b0075fa2b0, 0x000001b007608ac0, 0x000001b00760b140,
0x000001b0075fad50, 0x000001b0075fc7e0, 0x000001b0075fb2a0, 0x000001b0075f92c0,
0x000001b0075fb7f0, 0x000001b0075fa800, 0x000001b0075fbd40, 0x000001b0075f9810
}

Java Threads: ( => current thread )
  0x000001b0075ee740 JavaThread "Reference Handler" daemon [_thread_blocked, id=10092, stack(0x0000002a52000000,0x0000002a52100000)]
  0x000001b0075ef160 JavaThread "Finalizer" daemon [_thread_blocked, id=18188, stack(0x0000002a52100000,0x0000002a52200000)]
  0x000001b0075f0ef0 JavaThread "Signal Dispatcher" daemon [_thread_blocked, id=12456, stack(0x0000002a52200000,0x0000002a52300000)]
  0x000001b0075f1910 JavaThread "Attach Listener" daemon [_thread_blocked, id=8756, stack(0x0000002a52300000,0x0000002a52400000)]
  0x000001b0075f5350 JavaThread "Service Thread" daemon [_thread_blocked, id=17212, stack(0x0000002a52400000,0x0000002a52500000)]
  0x000001b0075fa2b0 JavaThread "Monitor Deflation Thread" daemon [_thread_blocked, id=5620, stack(0x0000002a52500000,0x0000002a52600000)]
=>0x000001b007608ac0 JavaThread "C2 CompilerThread0" daemon [_thread_in_native, id=16560, stack(0x0000002a52600000,0x0000002a52700000)]
  0x000001b00760b140 JavaThread "C1 CompilerThread0" daemon [_thread_in_native, id=9428, stack(0x0000002a52700000,0x0000002a52800000)]
  0x000001b0075fad50 JavaThread "Sweeper thread" daemon [_thread_blocked, id=10152, stack(0x0000002a52800000,0x0000002a52900000)]
  0x000001b0075fc7e0 JavaThread "Common-Cleaner" daemon [_thread_blocked, id=9928, stack(0x0000002a52900000,0x0000002a52a00000)]
  0x000001b0075fb2a0 JavaThread "Notification Thread" daemon [_thread_blocked, id=16592, stack(0x0000002a52a00000,0x0000002a52b00000)]
  0x000001b0075f92c0 JavaThread "Java2D Disposer" daemon [_thread_blocked, id=9832, stack(0x0000002a52d00000,0x0000002a52e00000)]
  0x000001b0075fb7f0 JavaThread "AWT-Shutdown" [_thread_blocked, id=9004, stack(0x0000002a52e00000,0x0000002a52f00000)]
  0x000001b0075fa800 JavaThread "AWT-Windows" daemon [_thread_in_native, id=10380, stack(0x0000002a52f00000,0x0000002a53000000)]
  0x000001b0075fbd40 JavaThread "AWT-EventQueue-0" [_thread_in_vm, id=8800, stack(0x0000002a52c00000,0x0000002a52d00000)]
  0x000001b0075f9810 JavaThread "DestroyJavaVM" [_thread_blocked, id=136, stack(0x0000002a51900000,0x0000002a51a00000)]

Other Threads:
  0x000001b0075d2d00 VMThread "VM Thread" [stack: 0x0000002a51f00000,0x0000002a52000000] [id=16084]
  0x000001b00b98b340 WatcherThread "VM Periodic Task Thread" [stack: 0x0000002a52b00000,0x0000002a52c00000] [id=2272]
  0x000001b069086920 WorkerThread "GC Thread#0" [stack: 0x0000002a51a00000,0x0000002a51b00000] [id=16364]
  0x000001b0690b4810 ConcurrentGCThread "G1 Main Marker" [stack: 0x0000002a51b00000,0x0000002a51c00000] [id=20000]
  0x000001b0690b78f0 WorkerThread "G1 Conc#0" [stack: 0x0000002a51c00000,0x0000002a51d00000] [id=17028]
  0x000001b0690eea20 ConcurrentGCThread "G1 Refine#0" [stack: 0x0000002a51d00000,0x0000002a51e00000] [id=19908]
  0x000001b007491700 ConcurrentGCThread "G1 Service" [stack: 0x0000002a51e00000,0x0000002a51f00000] [id=15788]

Threads with active compile tasks:
C2 CompilerThread0      550  616       4       java.util.HashMap::resize (356 bytes)
C1 CompilerThread0      550  622       3       javax.swing.UIDefaults$TextAndMnemonicHashMap::get (358 bytes)

VM state: not at safepoint (normal execution)

VM Mutex/Monitor currently owned by a thread: None

Heap address: 0x0000000086600000, size: 1946 MB, Compressed Oops mode: 32-bit

CDS archive(s) mapped at: [0x0000000800000000-0x0000000800c40000-0x0000000800c40000), size 12845056, SharedBaseAddress: 0x0000000800000000, ArchiveRelocationMode: 0.
Compressed class space mapped at: 0x0000000801000000-0x0000000841000000, reserved size: 1073741824
Narrow klass base: 0x0000000800000000, Narrow klass shift: 0, Narrow klass range: 0x100000000

GC Precious Log:
 CardTable entry size: 512
 Card Set container configuration: InlinePtr #cards 5 size 8 Array Of Cards #cards 12 size 40 Howl #buckets 4 coarsen threshold 1843 Howl Bitmap #cards 512 size 80 coarsen threshold 460 Card regions per heap region 1 cards per card region 2048
 CPUs: 8 total, 8 available
 Memory: 7778M
 Large Page Support: Disabled
 NUMA Support: Disabled
 Compressed Oops: Enabled (32-bit)
 Heap Region Size: 1M
 Heap Min Capacity: 8M
 Heap Initial Capacity: 122M
 Heap Max Capacity: 1946M
 Pre-touch: Disabled
 Parallel Workers: 8
 Concurrent Workers: 2
 Concurrent Refinement Workers: 8
 Periodic GC: Disabled

Heap:
 garbage-first heap   total 124928K, used 6144K [0x0000000086600000, 0x0000000100000000)
  region size 1024K, 7 young (7168K), 0 survivors (0K)
 Metaspace       used 6634K, committed 6912K, reserved 1114112K
  class space    used 768K, committed 896K, reserved 1048576K

Heap Regions: E=young(eden), S=young(survivor), O=old, HS=humongous(starts), HC=humongous(continues), CS=collection set, F=free, OA=open archive, CA=closed archive, TAMS=top-at-mark-start (previous, next)
|   0|0x0000000086600000, 0x0000000086600000, 0x0000000086700000|  0%| F|  |TAMS 0x0000000086600000, 0x0000000086600000| Untracked 
|   1|0x0000000086700000, 0x0000000086700000, 0x0000000086800000|  0%| F|  |TAMS 0x0000000086700000, 0x0000000086700000| Untracked 
|   2|0x0000000086800000, 0x0000000086800000, 0x0000000086900000|  0%| F|  |TAMS 0x0000000086800000, 0x0000000086800000| Untracked 
|   3|0x0000000086900000, 0x0000000086900000, 0x0000000086a00000|  0%| F|  |TAMS 0x0000000086900000, 0x0000000086900000| Untracked 
|   4|0x0000000086a00000, 0x0000000086a00000, 0x0000000086b00000|  0%| F|  |TAMS 0x0000000086a00000, 0x0000000086a00000| Untracked 
|   5|0x0000000086b00000, 0x0000000086b00000, 0x0000000086c00000|  0%| F|  |TAMS 0x0000000086b00000, 0x0000000086b00000| Untracked 
|   6|0x0000000086c00000, 0x0000000086c00000, 0x0000000086d00000|  0%| F|  |TAMS 0x0000000086c00000, 0x0000000086c00000| Untracked 
|   7|0x0000000086d00000, 0x0000000086d00000, 0x0000000086e00000|  0%| F|  |TAMS 0x0000000086d00000, 0x0000000086d00000| Untracked 
|   8|0x0000000086e00000, 0x0000000086e00000, 0x0000000086f00000|  0%| F|  |TAMS 0x0000000086e00000, 0x0000000086e00000| Untracked 
|   9|0x0000000086f00000, 0x0000000086f00000, 0x0000000087000000|  0%| F|  |TAMS 0x0000000086f00000, 0x0000000086f00000| Untracked 
|  10|0x0000000087000000, 0x0000000087000000, 0x0000000087100000|  0%| F|  |TAMS 0x0000000087000000, 0x0000000087000000| Untracked 
|  11|0x0000000087100000, 0x0000000087100000, 0x0000000087200000|  0%| F|  |TAMS 0x0000000087100000, 0x0000000087100000| Untracked 
|  12|0x0000000087200000, 0x0000000087200000, 0x0000000087300000|  0%| F|  |TAMS 0x0000000087200000, 0x0000000087200000| Untracked 
|  13|0x0000000087300000, 0x0000000087300000, 0x0000000087400000|  0%| F|  |TAMS 0x0000000087300000, 0x0000000087300000| Untracked 
|  14|0x0000000087400000, 0x0000000087400000, 0x0000000087500000|  0%| F|  |TAMS 0x0000000087400000, 0x0000000087400000| Untracked 
|  15|0x0000000087500000, 0x0000000087500000, 0x0000000087600000|  0%| F|  |TAMS 0x0000000087500000, 0x0000000087500000| Untracked 
|  16|0x0000000087600000, 0x0000000087600000, 0x0000000087700000|  0%| F|  |TAMS 0x0000000087600000, 0x0000000087600000| Untracked 
|  17|0x0000000087700000, 0x0000000087700000, 0x0000000087800000|  0%| F|  |TAMS 0x0000000087700000, 0x0000000087700000| Untracked 
|  18|0x0000000087800000, 0x0000000087800000, 0x0000000087900000|  0%| F|  |TAMS 0x0000000087800000, 0x0000000087800000| Untracked 
|  19|0x0000000087900000, 0x0000000087900000, 0x0000000087a00000|  0%| F|  |TAMS 0x0000000087900000, 0x0000000087900000| Untracked 
|  20|0x0000000087a00000, 0x0000000087a00000, 0x0000000087b00000|  0%| F|  |TAMS 0x0000000087a00000, 0x0000000087a00000| Untracked 
|  21|0x0000000087b00000, 0x0000000087b00000, 0x0000000087c00000|  0%| F|  |TAMS 0x0000000087b00000, 0x0000000087b00000| Untracked 
|  22|0x0000000087c00000, 0x0000000087c00000, 0x0000000087d00000|  0%| F|  |TAMS 0x0000000087c00000, 0x0000000087c00000| Untracked 
|  23|0x0000000087d00000, 0x0000000087d00000, 0x0000000087e00000|  0%| F|  |TAMS 0x0000000087d00000, 0x0000000087d00000| Untracked 
|  24|0x0000000087e00000, 0x0000000087e00000, 0x0000000087f00000|  0%| F|  |TAMS 0x0000000087e00000, 0x0000000087e00000| Untracked 
|  25|0x0000000087f00000, 0x0000000087f00000, 0x0000000088000000|  0%| F|  |TAMS 0x0000000087f00000, 0x0000000087f00000| Untracked 
|  26|0x0000000088000000, 0x0000000088000000, 0x0000000088100000|  0%| F|  |TAMS 0x0000000088000000, 0x0000000088000000| Untracked 
|  27|0x0000000088100000, 0x0000000088100000, 0x0000000088200000|  0%| F|  |TAMS 0x0000000088100000, 0x0000000088100000| Untracked 
|  28|0x0000000088200000, 0x0000000088200000, 0x0000000088300000|  0%| F|  |TAMS 0x0000000088200000, 0x0000000088200000| Untracked 
|  29|0x0000000088300000, 0x0000000088300000, 0x0000000088400000|  0%| F|  |TAMS 0x0000000088300000, 0x0000000088300000| Untracked 
|  30|0x0000000088400000, 0x0000000088400000, 0x0000000088500000|  0%| F|  |TAMS 0x0000000088400000, 0x0000000088400000| Untracked 
|  31|0x0000000088500000, 0x0000000088500000, 0x0000000088600000|  0%| F|  |TAMS 0x0000000088500000, 0x0000000088500000| Untracked 
|  32|0x0000000088600000, 0x0000000088600000, 0x0000000088700000|  0%| F|  |TAMS 0x0000000088600000, 0x0000000088600000| Untracked 
|  33|0x0000000088700000, 0x0000000088700000, 0x0000000088800000|  0%| F|  |TAMS 0x0000000088700000, 0x0000000088700000| Untracked 
|  34|0x0000000088800000, 0x0000000088800000, 0x0000000088900000|  0%| F|  |TAMS 0x0000000088800000, 0x0000000088800000| Untracked 
|  35|0x0000000088900000, 0x0000000088900000, 0x0000000088a00000|  0%| F|  |TAMS 0x0000000088900000, 0x0000000088900000| Untracked 
|  36|0x0000000088a00000, 0x0000000088a00000, 0x0000000088b00000|  0%| F|  |TAMS 0x0000000088a00000, 0x0000000088a00000| Untracked 
|  37|0x0000000088b00000, 0x0000000088b00000, 0x0000000088c00000|  0%| F|  |TAMS 0x0000000088b00000, 0x0000000088b00000| Untracked 
|  38|0x0000000088c00000, 0x0000000088c00000, 0x0000000088d00000|  0%| F|  |TAMS 0x0000000088c00000, 0x0000000088c00000| Untracked 
|  39|0x0000000088d00000, 0x0000000088d00000, 0x0000000088e00000|  0%| F|  |TAMS 0x0000000088d00000, 0x0000000088d00000| Untracked 
|  40|0x0000000088e00000, 0x0000000088e00000, 0x0000000088f00000|  0%| F|  |TAMS 0x0000000088e00000, 0x0000000088e00000| Untracked 
|  41|0x0000000088f00000, 0x0000000088f00000, 0x0000000089000000|  0%| F|  |TAMS 0x0000000088f00000, 0x0000000088f00000| Untracked 
|  42|0x0000000089000000, 0x0000000089000000, 0x0000000089100000|  0%| F|  |TAMS 0x0000000089000000, 0x0000000089000000| Untracked 
|  43|0x0000000089100000, 0x0000000089100000, 0x0000000089200000|  0%| F|  |TAMS 0x0000000089100000, 0x0000000089100000| Untracked 
|  44|0x0000000089200000, 0x0000000089200000, 0x0000000089300000|  0%| F|  |TAMS 0x0000000089200000, 0x0000000089200000| Untracked 
|  45|0x0000000089300000, 0x0000000089300000, 0x0000000089400000|  0%| F|  |TAMS 0x0000000089300000, 0x0000000089300000| Untracked 
|  46|0x0000000089400000, 0x0000000089400000, 0x0000000089500000|  0%| F|  |TAMS 0x0000000089400000, 0x0000000089400000| Untracked 
|  47|0x0000000089500000, 0x0000000089500000, 0x0000000089600000|  0%| F|  |TAMS 0x0000000089500000, 0x0000000089500000| Untracked 
|  48|0x0000000089600000, 0x0000000089600000, 0x0000000089700000|  0%| F|  |TAMS 0x0000000089600000, 0x0000000089600000| Untracked 
|  49|0x0000000089700000, 0x0000000089700000, 0x0000000089800000|  0%| F|  |TAMS 0x0000000089700000, 0x0000000089700000| Untracked 
|  50|0x0000000089800000, 0x0000000089800000, 0x0000000089900000|  0%| F|  |TAMS 0x0000000089800000, 0x0000000089800000| Untracked 
|  51|0x0000000089900000, 0x0000000089900000, 0x0000000089a00000|  0%| F|  |TAMS 0x0000000089900000, 0x0000000089900000| Untracked 
|  52|0x0000000089a00000, 0x0000000089a00000, 0x0000000089b00000|  0%| F|  |TAMS 0x0000000089a00000, 0x0000000089a00000| Untracked 
|  53|0x0000000089b00000, 0x0000000089b00000, 0x0000000089c00000|  0%| F|  |TAMS 0x0000000089b00000, 0x0000000089b00000| Untracked 
|  54|0x0000000089c00000, 0x0000000089c00000, 0x0000000089d00000|  0%| F|  |TAMS 0x0000000089c00000, 0x0000000089c00000| Untracked 
|  55|0x0000000089d00000, 0x0000000089d00000, 0x0000000089e00000|  0%| F|  |TAMS 0x0000000089d00000, 0x0000000089d00000| Untracked 
|  56|0x0000000089e00000, 0x0000000089e00000, 0x0000000089f00000|  0%| F|  |TAMS 0x0000000089e00000, 0x0000000089e00000| Untracked 
|  57|0x0000000089f00000, 0x0000000089f00000, 0x000000008a000000|  0%| F|  |TAMS 0x0000000089f00000, 0x0000000089f00000| Untracked 
|  58|0x000000008a000000, 0x000000008a000000, 0x000000008a100000|  0%| F|  |TAMS 0x000000008a000000, 0x000000008a000000| Untracked 
|  59|0x000000008a100000, 0x000000008a100000, 0x000000008a200000|  0%| F|  |TAMS 0x000000008a100000, 0x000000008a100000| Untracked 
|  60|0x000000008a200000, 0x000000008a200000, 0x000000008a300000|  0%| F|  |TAMS 0x000000008a200000, 0x000000008a200000| Untracked 
|  61|0x000000008a300000, 0x000000008a300000, 0x000000008a400000|  0%| F|  |TAMS 0x000000008a300000, 0x000000008a300000| Untracked 
|  62|0x000000008a400000, 0x000000008a400000, 0x000000008a500000|  0%| F|  |TAMS 0x000000008a400000, 0x000000008a400000| Untracked 
|  63|0x000000008a500000, 0x000000008a500000, 0x000000008a600000|  0%| F|  |TAMS 0x000000008a500000, 0x000000008a500000| Untracked 
|  64|0x000000008a600000, 0x000000008a600000, 0x000000008a700000|  0%| F|  |TAMS 0x000000008a600000, 0x000000008a600000| Untracked 
|  65|0x000000008a700000, 0x000000008a700000, 0x000000008a800000|  0%| F|  |TAMS 0x000000008a700000, 0x000000008a700000| Untracked 
|  66|0x000000008a800000, 0x000000008a800000, 0x000000008a900000|  0%| F|  |TAMS 0x000000008a800000, 0x000000008a800000| Untracked 
|  67|0x000000008a900000, 0x000000008a900000, 0x000000008aa00000|  0%| F|  |TAMS 0x000000008a900000, 0x000000008a900000| Untracked 
|  68|0x000000008aa00000, 0x000000008aa00000, 0x000000008ab00000|  0%| F|  |TAMS 0x000000008aa00000, 0x000000008aa00000| Untracked 
|  69|0x000000008ab00000, 0x000000008ab00000, 0x000000008ac00000|  0%| F|  |TAMS 0x000000008ab00000, 0x000000008ab00000| Untracked 
|  70|0x000000008ac00000, 0x000000008ac00000, 0x000000008ad00000|  0%| F|  |TAMS 0x000000008ac00000, 0x000000008ac00000| Untracked 
|  71|0x000000008ad00000, 0x000000008ad00000, 0x000000008ae00000|  0%| F|  |TAMS 0x000000008ad00000, 0x000000008ad00000| Untracked 
|  72|0x000000008ae00000, 0x000000008ae00000, 0x000000008af00000|  0%| F|  |TAMS 0x000000008ae00000, 0x000000008ae00000| Untracked 
|  73|0x000000008af00000, 0x000000008af00000, 0x000000008b000000|  0%| F|  |TAMS 0x000000008af00000, 0x000000008af00000| Untracked 
|  74|0x000000008b000000, 0x000000008b000000, 0x000000008b100000|  0%| F|  |TAMS 0x000000008b000000, 0x000000008b000000| Untracked 
|  75|0x000000008b100000, 0x000000008b100000, 0x000000008b200000|  0%| F|  |TAMS 0x000000008b100000, 0x000000008b100000| Untracked 
|  76|0x000000008b200000, 0x000000008b200000, 0x000000008b300000|  0%| F|  |TAMS 0x000000008b200000, 0x000000008b200000| Untracked 
|  77|0x000000008b300000, 0x000000008b300000, 0x000000008b400000|  0%| F|  |TAMS 0x000000008b300000, 0x000000008b300000| Untracked 
|  78|0x000000008b400000, 0x000000008b400000, 0x000000008b500000|  0%| F|  |TAMS 0x000000008b400000, 0x000000008b400000| Untracked 
|  79|0x000000008b500000, 0x000000008b500000, 0x000000008b600000|  0%| F|  |TAMS 0x000000008b500000, 0x000000008b500000| Untracked 
|  80|0x000000008b600000, 0x000000008b600000, 0x000000008b700000|  0%| F|  |TAMS 0x000000008b600000, 0x000000008b600000| Untracked 
|  81|0x000000008b700000, 0x000000008b700000, 0x000000008b800000|  0%| F|  |TAMS 0x000000008b700000, 0x000000008b700000| Untracked 
|  82|0x000000008b800000, 0x000000008b800000, 0x000000008b900000|  0%| F|  |TAMS 0x000000008b800000, 0x000000008b800000| Untracked 
|  83|0x000000008b900000, 0x000000008b900000, 0x000000008ba00000|  0%| F|  |TAMS 0x000000008b900000, 0x000000008b900000| Untracked 
|  84|0x000000008ba00000, 0x000000008ba00000, 0x000000008bb00000|  0%| F|  |TAMS 0x000000008ba00000, 0x000000008ba00000| Untracked 
|  85|0x000000008bb00000, 0x000000008bb00000, 0x000000008bc00000|  0%| F|  |TAMS 0x000000008bb00000, 0x000000008bb00000| Untracked 
|  86|0x000000008bc00000, 0x000000008bc00000, 0x000000008bd00000|  0%| F|  |TAMS 0x000000008bc00000, 0x000000008bc00000| Untracked 
|  87|0x000000008bd00000, 0x000000008bd00000, 0x000000008be00000|  0%| F|  |TAMS 0x000000008bd00000, 0x000000008bd00000| Untracked 
|  88|0x000000008be00000, 0x000000008be00000, 0x000000008bf00000|  0%| F|  |TAMS 0x000000008be00000, 0x000000008be00000| Untracked 
|  89|0x000000008bf00000, 0x000000008bf00000, 0x000000008c000000|  0%| F|  |TAMS 0x000000008bf00000, 0x000000008bf00000| Untracked 
|  90|0x000000008c000000, 0x000000008c000000, 0x000000008c100000|  0%| F|  |TAMS 0x000000008c000000, 0x000000008c000000| Untracked 
|  91|0x000000008c100000, 0x000000008c100000, 0x000000008c200000|  0%| F|  |TAMS 0x000000008c100000, 0x000000008c100000| Untracked 
|  92|0x000000008c200000, 0x000000008c200000, 0x000000008c300000|  0%| F|  |TAMS 0x000000008c200000, 0x000000008c200000| Untracked 
|  93|0x000000008c300000, 0x000000008c300000, 0x000000008c400000|  0%| F|  |TAMS 0x000000008c300000, 0x000000008c300000| Untracked 
|  94|0x000000008c400000, 0x000000008c400000, 0x000000008c500000|  0%| F|  |TAMS 0x000000008c400000, 0x000000008c400000| Untracked 
|  95|0x000000008c500000, 0x000000008c500000, 0x000000008c600000|  0%| F|  |TAMS 0x000000008c500000, 0x000000008c500000| Untracked 
|  96|0x000000008c600000, 0x000000008c600000, 0x000000008c700000|  0%| F|  |TAMS 0x000000008c600000, 0x000000008c600000| Untracked 
|  97|0x000000008c700000, 0x000000008c700000, 0x000000008c800000|  0%| F|  |TAMS 0x000000008c700000, 0x000000008c700000| Untracked 
|  98|0x000000008c800000, 0x000000008c800000, 0x000000008c900000|  0%| F|  |TAMS 0x000000008c800000, 0x000000008c800000| Untracked 
|  99|0x000000008c900000, 0x000000008c900000, 0x000000008ca00000|  0%| F|  |TAMS 0x000000008c900000, 0x000000008c900000| Untracked 
| 100|0x000000008ca00000, 0x000000008ca00000, 0x000000008cb00000|  0%| F|  |TAMS 0x000000008ca00000, 0x000000008ca00000| Untracked 
| 101|0x000000008cb00000, 0x000000008cb00000, 0x000000008cc00000|  0%| F|  |TAMS 0x000000008cb00000, 0x000000008cb00000| Untracked 
| 102|0x000000008cc00000, 0x000000008cc00000, 0x000000008cd00000|  0%| F|  |TAMS 0x000000008cc00000, 0x000000008cc00000| Untracked 
| 103|0x000000008cd00000, 0x000000008cd00000, 0x000000008ce00000|  0%| F|  |TAMS 0x000000008cd00000, 0x000000008cd00000| Untracked 
| 104|0x000000008ce00000, 0x000000008ce00000, 0x000000008cf00000|  0%| F|  |TAMS 0x000000008ce00000, 0x000000008ce00000| Untracked 
| 105|0x000000008cf00000, 0x000000008cf00000, 0x000000008d000000|  0%| F|  |TAMS 0x000000008cf00000, 0x000000008cf00000| Untracked 
| 106|0x000000008d000000, 0x000000008d000000, 0x000000008d100000|  0%| F|  |TAMS 0x000000008d000000, 0x000000008d000000| Untracked 
| 107|0x000000008d100000, 0x000000008d100000, 0x000000008d200000|  0%| F|  |TAMS 0x000000008d100000, 0x000000008d100000| Untracked 
| 108|0x000000008d200000, 0x000000008d200000, 0x000000008d300000|  0%| F|  |TAMS 0x000000008d200000, 0x000000008d200000| Untracked 
| 109|0x000000008d300000, 0x000000008d300000, 0x000000008d400000|  0%| F|  |TAMS 0x000000008d300000, 0x000000008d300000| Untracked 
| 110|0x000000008d400000, 0x000000008d400000, 0x000000008d500000|  0%| F|  |TAMS 0x000000008d400000, 0x000000008d400000| Untracked 
| 111|0x000000008d500000, 0x000000008d500000, 0x000000008d600000|  0%| F|  |TAMS 0x000000008d500000, 0x000000008d500000| Untracked 
| 112|0x000000008d600000, 0x000000008d600000, 0x000000008d700000|  0%| F|  |TAMS 0x000000008d600000, 0x000000008d600000| Untracked 
| 113|0x000000008d700000, 0x000000008d700000, 0x000000008d800000|  0%| F|  |TAMS 0x000000008d700000, 0x000000008d700000| Untracked 
| 114|0x000000008d800000, 0x000000008d800000, 0x000000008d900000|  0%| F|  |TAMS 0x000000008d800000, 0x000000008d800000| Untracked 
| 115|0x000000008d900000, 0x000000008d9ec080, 0x000000008da00000| 92%| E|  |TAMS 0x000000008d900000, 0x000000008d900000| Complete 
| 116|0x000000008da00000, 0x000000008db00000, 0x000000008db00000|100%| E|CS|TAMS 0x000000008da00000, 0x000000008da00000| Complete 
| 117|0x000000008db00000, 0x000000008dc00000, 0x000000008dc00000|100%| E|CS|TAMS 0x000000008db00000, 0x000000008db00000| Complete 
| 118|0x000000008dc00000, 0x000000008dd00000, 0x000000008dd00000|100%| E|CS|TAMS 0x000000008dc00000, 0x000000008dc00000| Complete 
| 119|0x000000008dd00000, 0x000000008de00000, 0x000000008de00000|100%| E|CS|TAMS 0x000000008dd00000, 0x000000008dd00000| Complete 
| 120|0x000000008de00000, 0x000000008df00000, 0x000000008df00000|100%| E|CS|TAMS 0x000000008de00000, 0x000000008de00000| Complete 
| 121|0x000000008df00000, 0x000000008e000000, 0x000000008e000000|100%| E|CS|TAMS 0x000000008df00000, 0x000000008df00000| Complete 

Card table byte_map: [0x000001b000710000,0x000001b000ae0000] _byte_map_base: 0x000001b0002dd000

Marking Bits (Prev, Next): (CMBitMap*) 0x000001b069087f60, (CMBitMap*) 0x000001b069087fa0
 Prev Bits: [0x000001b000eb0000, 0x000001b002d18000)
 Next Bits: [0x000001b002d20000, 0x000001b004b88000)

Polling page: 0x000001b066f60000

Metaspace:

Usage:
  Non-class:      5.79 MB used.
      Class:    776.68 KB used.
       Both:      6.54 MB used.

Virtual space:
  Non-class space:       64.00 MB reserved,       5.88 MB (  9%) committed,  1 nodes.
      Class space:        1.00 GB reserved,     896.00 KB ( <1%) committed,  1 nodes.
             Both:        1.06 GB reserved,       6.75 MB ( <1%) committed. 

Chunk freelists:
   Non-Class:  2.11 MB
       Class:  3.12 MB
        Both:  5.22 MB

MaxMetaspaceSize: unlimited
CompressedClassSpaceSize: 1.00 GB
Initial GC threshold: 21.00 MB
Current GC threshold: 21.00 MB
CDS: on
MetaspaceReclaimPolicy: balanced
 - commit_granule_bytes: 65536.
 - commit_granule_words: 8192.
 - virtual_space_node_default_size: 8388608.
 - enlarge_chunks_in_place: 1.
 - new_chunks_are_fully_committed: 0.
 - uncommit_free_chunks: 1.
 - use_allocation_guard: 0.


Internal statistics:

num_allocs_failed_limit: 0.
num_arena_births: 130.
num_arena_deaths: 0.
num_vsnodes_births: 2.
num_vsnodes_deaths: 0.
num_space_committed: 108.
num_space_uncommitted: 0.
num_chunks_returned_to_freelist: 0.
num_chunks_taken_from_freelist: 140.
num_chunk_merges: 0.
num_chunk_splits: 97.
num_chunks_enlarged: 64.
num_inconsistent_stats: 0.

CodeHeap 'non-profiled nmethods': size=120000Kb used=177Kb max_used=177Kb free=119822Kb
 bounds [0x000001b078a50000, 0x000001b078cc0000, 0x000001b07ff80000]
CodeHeap 'profiled nmethods': size=120000Kb used=868Kb max_used=868Kb free=119131Kb
 bounds [0x000001b070f80000, 0x000001b0711f0000, 0x000001b0784b0000]
CodeHeap 'non-nmethods': size=5760Kb used=1326Kb max_used=1331Kb free=4433Kb
 bounds [0x000001b0784b0000, 0x000001b078720000, 0x000001b078a50000]
 total_blobs=1174 nmethods=631 adapters=454
 compilation: enabled
              stopped_count=0, restarted_count=0
 full_count=0

Compilation events (20 events):
Event: 0.481 Thread 0x000001b00760b140 nmethod 613 0x000001b071055110 code [0x000001b071055340, 0x000001b071055b28]
Event: 0.482 Thread 0x000001b007608ac0 nmethod 590 0x000001b078a79810 code [0x000001b078a799c0, 0x000001b078a79f28]
Event: 0.482 Thread 0x000001b007608ac0  609       4       java.lang.String::toString (2 bytes)
Event: 0.483 Thread 0x000001b007608ac0 nmethod 609 0x000001b078a7a210 code [0x000001b078a7a380, 0x000001b078a7a3f8]
Event: 0.487 Thread 0x000001b00760b140  615       3       java.lang.invoke.LambdaFormEditor$Transform::equals (32 bytes)
Event: 0.487 Thread 0x000001b00760b140 nmethod 615 0x000001b071055d90 code [0x000001b071055f40, 0x000001b071056128]
Event: 0.487 Thread 0x000001b00760b140  614       3       java.lang.invoke.LambdaFormEditor$TransformKey::packedBytes (30 bytes)
Event: 0.487 Thread 0x000001b00760b140 nmethod 614 0x000001b071056210 code [0x000001b0710563a0, 0x000001b071056498]
Event: 0.488 Thread 0x000001b007608ac0  616       4       java.util.HashMap::resize (356 bytes)
Event: 0.500 Thread 0x000001b00760b140  617       3       java.lang.invoke.LambdaFormEditor$TransformKey::inRange (36 bytes)
Event: 0.500 Thread 0x000001b00760b140 nmethod 617 0x000001b071056510 code [0x000001b0710566a0, 0x000001b0710567f8]
Event: 0.500 Thread 0x000001b00760b140  619       3       java.lang.invoke.LambdaFormEditor::getInCache (165 bytes)
Event: 0.501 Thread 0x000001b00760b140 nmethod 619 0x000001b071056890 code [0x000001b071056b20, 0x000001b071057a18]
Event: 0.501 Thread 0x000001b00760b140  618       3       java.lang.invoke.LambdaFormEditor$TransformKey::<init> (15 bytes)
Event: 0.501 Thread 0x000001b00760b140 nmethod 618 0x000001b071057d90 code [0x000001b071057f40, 0x000001b0710580d8]
Event: 0.504 Thread 0x000001b00760b140  620       3       java.lang.CharacterData::of (136 bytes)
Event: 0.504 Thread 0x000001b00760b140 nmethod 620 0x000001b071058190 code [0x000001b0710583e0, 0x000001b071058d78]
Event: 0.504 Thread 0x000001b00760b140  621       3       java.lang.Character::charCount (12 bytes)
Event: 0.504 Thread 0x000001b00760b140 nmethod 621 0x000001b071058f90 code [0x000001b071059140, 0x000001b0710592b8]
Event: 0.505 Thread 0x000001b00760b140  622       3       javax.swing.UIDefaults$TextAndMnemonicHashMap::get (358 bytes)

GC Heap History (0 events):
No events

Dll operation events (9 events):
Event: 0.012 Loaded shared library C:\Program Files\Java\jdk-19\bin\java.dll
Event: 0.031 Loaded shared library C:\Program Files\Java\jdk-19\bin\jsvml.dll
Event: 0.104 Loaded shared library C:\Program Files\Java\jdk-19\bin\net.dll
Event: 0.106 Loaded shared library C:\Program Files\Java\jdk-19\bin\nio.dll
Event: 0.136 Loaded shared library C:\Program Files\Java\jdk-19\bin\zip.dll
Event: 0.158 Loaded shared library C:\Program Files\Java\jdk-19\bin\jimage.dll
Event: 0.181 Loaded shared library C:\Program Files\Java\jdk-19\bin\awt.dll
Event: 0.385 Loaded shared library C:\Program Files\Java\jdk-19\bin\freetype.dll
Event: 0.386 Loaded shared library C:\Program Files\Java\jdk-19\bin\fontmanager.dll

Deoptimization events (4 events):
Event: 0.288 Thread 0x000001b0690290d0 Uncommon trap: trap_request=0xffffff45 fr.pc=0x000001b078a5fa3c relative=0x0000000000000a1c
Event: 0.288 Thread 0x000001b0690290d0 Uncommon trap: reason=unstable_if action=reinterpret pc=0x000001b078a5fa3c method=java.util.HashMap.putVal(ILjava/lang/Object;Ljava/lang/Object;ZZ)Ljava/lang/Object; @ 236 c2
Event: 0.288 Thread 0x000001b0690290d0 DEOPT PACKING pc=0x000001b078a5fa3c sp=0x0000002a519fdf00
Event: 0.288 Thread 0x000001b0690290d0 DEOPT UNPACKING pc=0x000001b07851a5a3 sp=0x0000002a519fdeb8 mode 2

Classes loaded (20 events):
Event: 0.507 Loading class javax/swing/plaf/basic/BasicPanelUI done
Event: 0.507 Loading class javax/swing/plaf/synth/SynthPanelUI done
Event: 0.508 Loading class javax/swing/plaf/synth/SynthContext
Event: 0.508 Loading class javax/swing/plaf/synth/SynthContext done
Event: 0.508 Loading class javax/swing/plaf/nimbus/NimbusStyle
Event: 0.508 Loading class javax/swing/plaf/nimbus/NimbusStyle done
Event: 0.508 Loading class javax/swing/plaf/nimbus/NimbusStyle$1
Event: 0.508 Loading class javax/swing/plaf/nimbus/NimbusStyle$1 done
Event: 0.508 Loading class javax/swing/plaf/nimbus/NimbusStyle$CacheKey
Event: 0.509 Loading class javax/swing/plaf/nimbus/NimbusStyle$CacheKey done
Event: 0.509 Loading class javax/swing/plaf/nimbus/SynthPainterImpl
Event: 0.509 Loading class javax/swing/plaf/synth/SynthPainter
Event: 0.510 Loading class javax/swing/plaf/synth/SynthPainter done
Event: 0.510 Loading class javax/swing/plaf/nimbus/SynthPainterImpl done
Event: 0.510 Loading class javax/swing/plaf/synth/SynthPainter$1
Event: 0.510 Loading class javax/swing/plaf/synth/SynthPainter$1 done
Event: 0.510 Loading class javax/swing/plaf/synth/SynthBorder
Event: 0.510 Loading class javax/swing/plaf/synth/SynthBorder done
Event: 0.510 Loading class javax/swing/plaf/nimbus/NimbusStyle$Values
Event: 0.511 Loading class javax/swing/plaf/nimbus/NimbusStyle$Values done

Classes unloaded (0 events):
No events

Classes redefined (0 events):
No events

Internal exceptions (20 events):
Event: 0.447 Thread 0x000001b0690290d0 Exception <a 'java/lang/ClassNotFoundException'{0x000000008da94a10}: PasswordField> (0x000000008da94a10) 
thrown [s\open\src\hotspot\share\classfile\systemDictionary.cpp, line 255]
Event: 0.448 Thread 0x000001b0690290d0 Exception <a 'java/lang/ClassNotFoundException'{0x000000008da94f68}: TextArea> (0x000000008da94f68) 
thrown [s\open\src\hotspot\share\classfile\systemDictionary.cpp, line 255]
Event: 0.450 Thread 0x000001b0690290d0 Exception <a 'java/lang/ClassNotFoundException'{0x000000008da958a8}: TextPane> (0x000000008da958a8) 
thrown [s\open\src\hotspot\share\classfile\systemDictionary.cpp, line 255]
Event: 0.450 Thread 0x000001b0690290d0 Exception <a 'java/lang/ClassNotFoundException'{0x000000008da95d10}: EditorPane> (0x000000008da95d10) 
thrown [s\open\src\hotspot\share\classfile\systemDictionary.cpp, line 255]
Event: 0.451 Thread 0x000001b0690290d0 Exception <a 'java/lang/ClassNotFoundException'{0x000000008da96670}: ToolBar> (0x000000008da96670) 
thrown [s\open\src\hotspot\share\classfile\systemDictionary.cpp, line 255]
Event: 0.451 Thread 0x000001b0690290d0 Exception <a 'java/lang/ClassNotFoundException'{0x000000008da96b68}: ToolBar> (0x000000008da96b68) 
thrown [s\open\src\hotspot\share\classfile\systemDictionary.cpp, line 255]
Event: 0.452 Thread 0x000001b0690290d0 Exception <a 'java/lang/ClassNotFoundException'{0x000000008da96ec8}: Button> (0x000000008da96ec8) 
thrown [s\open\src\hotspot\share\classfile\systemDictionary.cpp, line 255]
Event: 0.452 Thread 0x000001b0690290d0 Exception <a 'java/lang/ClassNotFoundException'{0x000000008da97390}: ToolBar> (0x000000008da97390) 
thrown [s\open\src\hotspot\share\classfile\systemDictionary.cpp, line 255]
Event: 0.452 Thread 0x000001b0690290d0 Exception <a 'java/lang/ClassNotFoundException'{0x000000008da97700}: ToggleButton> (0x000000008da97700) 
thrown [s\open\src\hotspot\share\classfile\systemDictionary.cpp, line 255]
Event: 0.452 Thread 0x000001b0690290d0 Exception <a 'java/lang/ClassNotFoundException'{0x000000008da97b40}: javax/swing/JToolBarSeparator> (0x000000008da97b40) 
thrown [s\open\src\hotspot\share\classfile\systemDictionary.cpp, line 255]
Event: 0.452 Thread 0x000001b0690290d0 Exception <a 'java/lang/ClassNotFoundException'{0x000000008da97e50}: ToolBarSeparator> (0x000000008da97e50) 
thrown [s\open\src\hotspot\share\classfile\systemDictionary.cpp, line 255]
Event: 0.453 Thread 0x000001b0690290d0 Exception <a 'java/lang/ClassNotFoundException'{0x000000008da98368}: ToolTip> (0x000000008da98368) 
thrown [s\open\src\hotspot\share\classfile\systemDictionary.cpp, line 255]
Event: 0.455 Thread 0x000001b0690290d0 Exception <a 'java/lang/ClassNotFoundException'{0x000000008da98cb8}: Tree> (0x000000008da98cb8) 
thrown [s\open\src\hotspot\share\classfile\systemDictionary.cpp, line 255]
Event: 0.455 Thread 0x000001b0690290d0 Exception <a 'java/lang/ClassNotFoundException'{0x000000008da991b0}: Tree> (0x000000008da991b0) 
thrown [s\open\src\hotspot\share\classfile\systemDictionary.cpp, line 255]
Event: 0.455 Thread 0x000001b0690290d0 Exception <a 'java/lang/ClassNotFoundException'{0x000000008da99520}: javax/swing/JTreeCell> (0x000000008da99520) 
thrown [s\open\src\hotspot\share\classfile\systemDictionary.cpp, line 255]
Event: 0.455 Thread 0x000001b0690290d0 Exception <a 'java/lang/ClassNotFoundException'{0x000000008da99828}: TreeCell> (0x000000008da99828) 
thrown [s\open\src\hotspot\share\classfile\systemDictionary.cpp, line 255]
Event: 0.456 Thread 0x000001b0690290d0 Exception <a 'java/lang/ClassNotFoundException'{0x000000008da99fe0}: RootPane> (0x000000008da99fe0) 
thrown [s\open\src\hotspot\share\classfile\systemDictionary.cpp, line 255]
Event: 0.459 Thread 0x000001b0690290d0 Exception <a 'java/lang/ClassNotFoundException'{0x000000008da9cdf0}: com/sun/swing/internal/plaf/metal/resources/spi/metalProvider> (0x000000008da9cdf0) 
thrown [s\open\src\hotspot\share\classfile\systemDictionary.cpp, line 255]
Event: 0.461 Thread 0x000001b0690290d0 Exception <a 'java/lang/ClassNotFoundException'{0x000000008daa0b10}: com/sun/swing/internal/plaf/basic/resources/spi/basicProvider> (0x000000008daa0b10) 
thrown [s\open\src\hotspot\share\classfile\systemDictionary.cpp, line 255]
Event: 0.503 Thread 0x000001b0075fbd40 Exception <a 'java/lang/ClassNotFoundException'{0x000000008d914e80}: com/sun/swing/internal/plaf/synth/resources/spi/synthProvider> (0x000000008d914e80) 
thrown [s\open\src\hotspot\share\classfile\systemDictionary.cpp, line 255]

VM Operations (4 events):
Event: 0.112 Executing VM operation: HandshakeAllThreads
Event: 0.113 Executing VM operation: HandshakeAllThreads done
Event: 0.221 Executing VM operation: HandshakeAllThreads
Event: 0.221 Executing VM operation: HandshakeAllThreads done

Events (20 events):
Event: 0.031 Thread 0x000001b0690290d0 Thread added: 0x000001b0690290d0
Event: 0.051 Thread 0x000001b0075ee740 Thread added: 0x000001b0075ee740
Event: 0.052 Thread 0x000001b0075ef160 Thread added: 0x000001b0075ef160
Event: 0.052 Thread 0x000001b0075f0ef0 Thread added: 0x000001b0075f0ef0
Event: 0.052 Thread 0x000001b0075f1910 Thread added: 0x000001b0075f1910
Event: 0.052 Thread 0x000001b0075f5350 Thread added: 0x000001b0075f5350
Event: 0.052 Thread 0x000001b0075fa2b0 Thread added: 0x000001b0075fa2b0
Event: 0.053 Thread 0x000001b007608ac0 Thread added: 0x000001b007608ac0
Event: 0.053 Thread 0x000001b00760b140 Thread added: 0x000001b00760b140
Event: 0.053 Thread 0x000001b0075fad50 Thread added: 0x000001b0075fad50
Event: 0.087 Thread 0x000001b0075fc7e0 Thread added: 0x000001b0075fc7e0
Event: 0.127 Thread 0x000001b0075fb2a0 Thread added: 0x000001b0075fb2a0
Event: 0.132 Thread 0x000001b00b9a1060 Thread added: 0x000001b00b9a1060
Event: 0.259 Thread 0x000001b0075f92c0 Thread added: 0x000001b0075f92c0
Event: 0.260 Thread 0x000001b0075fb7f0 Thread added: 0x000001b0075fb7f0
Event: 0.263 Thread 0x000001b0075fa800 Thread added: 0x000001b0075fa800
Event: 0.461 Thread 0x000001b00b9a1060 Thread exited: 0x000001b00b9a1060
Event: 0.481 Thread 0x000001b0075fbd40 Thread added: 0x000001b0075fbd40
Event: 0.482 Thread 0x000001b0690290d0 Thread exited: 0x000001b0690290d0
Event: 0.482 Thread 0x000001b0075f9810 Thread added: 0x000001b0075f9810


Dynamic libraries:
0x00007ff649a70000 - 0x00007ff649a80000 	C:\Program Files\Java\jdk-19\bin\java.exe
0x00007ffec3a30000 - 0x00007ffec3c44000 	C:\WINDOWS\SYSTEM32\ntdll.dll
0x00007ffec2930000 - 0x00007ffec29f3000 	C:\WINDOWS\System32\KERNEL32.DLL
0x00007ffec12c0000 - 0x00007ffec165c000 	C:\WINDOWS\System32\KERNELBASE.dll
0x00007ffec0e70000 - 0x00007ffec0f81000 	C:\WINDOWS\System32\ucrtbase.dll
0x00007ffeb89b0000 - 0x00007ffeb89c8000 	C:\Program Files\Java\jdk-19\bin\jli.dll
0x00007ffe50900000 - 0x00007ffe5091b000 	C:\Program Files\Java\jdk-19\bin\VCRUNTIME140.dll
0x00007ffec2e60000 - 0x00007ffec2f0e000 	C:\WINDOWS\System32\ADVAPI32.dll
0x00007ffec26a0000 - 0x00007ffec2747000 	C:\WINDOWS\System32\msvcrt.dll
0x00007ffec3130000 - 0x00007ffec31d4000 	C:\WINDOWS\System32\sechost.dll
0x00007ffec1970000 - 0x00007ffec1a85000 	C:\WINDOWS\System32\RPCRT4.dll
0x00007ffec23b0000 - 0x00007ffec255d000 	C:\WINDOWS\System32\USER32.dll
0x00007ffec1050000 - 0x00007ffec1076000 	C:\WINDOWS\System32\win32u.dll
0x00007ffea52a0000 - 0x00007ffea552e000 	C:\WINDOWS\WinSxS\amd64_microsoft.windows.common-controls_6595b64144ccf1df_6.0.22621.608_none_a9444ca7c10bb01d\COMCTL32.dll
0x00007ffec2560000 - 0x00007ffec2589000 	C:\WINDOWS\System32\GDI32.dll
0x00007ffec1100000 - 0x00007ffec1213000 	C:\WINDOWS\System32\gdi32full.dll
0x00007ffec1220000 - 0x00007ffec12ba000 	C:\WINDOWS\System32\msvcp_win.dll
0x00007ffeb6d00000 - 0x00007ffeb6d0a000 	C:\WINDOWS\SYSTEM32\VERSION.dll
0x00007ffec1930000 - 0x00007ffec1961000 	C:\WINDOWS\System32\IMM32.DLL
0x00007ffe9d050000 - 0x00007ffe9d05c000 	C:\Program Files\Java\jdk-19\bin\vcruntime140_1.dll
0x00007ffe3aa60000 - 0x00007ffe3aaee000 	C:\Program Files\Java\jdk-19\bin\msvcp140.dll
0x00007ffe3eec0000 - 0x00007ffe3fb80000 	C:\Program Files\Java\jdk-19\bin\server\jvm.dll
0x00007ffe9e2e0000 - 0x00007ffe9e2e9000 	C:\WINDOWS\SYSTEM32\WSOCK32.dll
0x00007ffeba670000 - 0x00007ffeba6a4000 	C:\WINDOWS\SYSTEM32\WINMM.dll
0x00007ffec30b0000 - 0x00007ffec3121000 	C:\WINDOWS\System32\WS2_32.dll
0x00007ffebfe80000 - 0x00007ffebfe98000 	C:\WINDOWS\SYSTEM32\kernel.appcore.dll
0x00007ffe9c790000 - 0x00007ffe9c79a000 	C:\Program Files\Java\jdk-19\bin\jimage.dll
0x00007ffebe7c0000 - 0x00007ffebe9ee000 	C:\WINDOWS\SYSTEM32\DBGHELP.DLL
0x00007ffec31e0000 - 0x00007ffec3569000 	C:\WINDOWS\System32\combase.dll
0x00007ffec2be0000 - 0x00007ffec2cb7000 	C:\WINDOWS\System32\OLEAUT32.dll
0x00007ffeaa1e0000 - 0x00007ffeaa212000 	C:\WINDOWS\SYSTEM32\dbgcore.DLL
0x00007ffec1080000 - 0x00007ffec10fb000 	C:\WINDOWS\System32\bcryptPrimitives.dll
0x00007ffe505f0000 - 0x00007ffe50616000 	C:\Program Files\Java\jdk-19\bin\java.dll
0x00007ffe41650000 - 0x00007ffe41727000 	C:\Program Files\Java\jdk-19\bin\jsvml.dll
0x00007ffec1a90000 - 0x00007ffec2280000 	C:\WINDOWS\System32\SHELL32.dll
0x00007ffebee30000 - 0x00007ffebf6fe000 	C:\WINDOWS\SYSTEM32\windows.storage.dll
0x00007ffebecf0000 - 0x00007ffebee2e000 	C:\WINDOWS\SYSTEM32\wintypes.dll
0x00007ffec2750000 - 0x00007ffec2841000 	C:\WINDOWS\System32\SHCORE.dll
0x00007ffec1870000 - 0x00007ffec18ce000 	C:\WINDOWS\System32\shlwapi.dll
0x00007ffec0da0000 - 0x00007ffec0dc1000 	C:\WINDOWS\SYSTEM32\profapi.dll
0x00007ffe508a0000 - 0x00007ffe508b3000 	C:\Program Files\Java\jdk-19\bin\net.dll
0x00007ffebb3b0000 - 0x00007ffebb4df000 	C:\WINDOWS\SYSTEM32\WINHTTP.dll
0x00007ffec0300000 - 0x00007ffec0369000 	C:\WINDOWS\system32\mswsock.dll
0x00007ffe41630000 - 0x00007ffe41646000 	C:\Program Files\Java\jdk-19\bin\nio.dll
0x00007ffe3ac90000 - 0x00007ffe3aca8000 	C:\Program Files\Java\jdk-19\bin\zip.dll
0x00007ffe3aaf0000 - 0x00007ffe3ac81000 	C:\Program Files\Java\jdk-19\bin\awt.dll
0x00007ffebdce0000 - 0x00007ffebdd77000 	C:\WINDOWS\SYSTEM32\apphelp.dll
0x00007ffebdf20000 - 0x00007ffebdfcb000 	C:\WINDOWS\system32\uxtheme.dll
0x00007ffec2280000 - 0x00007ffec239e000 	C:\WINDOWS\System32\MSCTF.dll
0x00007ffec2cc0000 - 0x00007ffec2e5c000 	C:\WINDOWS\System32\ole32.dll
0x00007ffebe3a0000 - 0x00007ffebe3cb000 	C:\WINDOWS\system32\DWMAPI.DLL
0x00007ffe3a8f0000 - 0x00007ffe3a976000 	C:\Program Files\Java\jdk-19\bin\freetype.dll
0x00007ffe3a840000 - 0x00007ffe3a8e9000 	C:\Program Files\Java\jdk-19\bin\fontmanager.dll
0x00007ffeb04b0000 - 0x00007ffeb05b0000 	C:\WINDOWS\system32\opengl32.dll
0x00007ffeb7b40000 - 0x00007ffeb7b6d000 	C:\WINDOWS\SYSTEM32\GLU32.dll
0x00007ffebe070000 - 0x00007ffebe0a6000 	C:\WINDOWS\SYSTEM32\dxcore.dll

dbghelp: loaded successfully - version: 4.0.5 - missing functions: none
symbol engine: initialized successfully - sym options: 0x614 - pdb path: .;C:\Program Files\Java\jdk-19\bin;C:\WINDOWS\SYSTEM32;C:\WINDOWS\WinSxS\amd64_microsoft.windows.common-controls_6595b64144ccf1df_6.0.22621.608_none_a9444ca7c10bb01d;C:\Program Files\Java\jdk-19\bin\server

VM Arguments:
jvm_args: -Dfile.encoding=UTF-8 --module-path=C:\Users\Gertrude\OneDrive\Desktop\FamilySaving\build\classes 
java_command: Family.Children
java_class_path (initial): C:\Users\Gertrude\Downloads\mysql-connector-j-8.0.31\mysql-connector-j-8.0.31\mysql-connector-j-8.0.31.jar;C:\Users\Gertrude\OneDrive\Desktop\FamilySaving\build\classes
Launcher Type: SUN_STANDARD

[Global flags]
     intx CICompilerCount                          = 4                                         {product} {ergonomic}
     uint ConcGCThreads                            = 2                                         {product} {ergonomic}
     uint G1ConcRefinementThreads                  = 8                                         {product} {ergonomic}
   size_t G1HeapRegionSize                         = 1048576                                   {product} {ergonomic}
    uintx GCDrainStackTargetSize                   = 64                                        {product} {ergonomic}
   size_t InitialHeapSize                          = 127926272                                 {product} {ergonomic}
   size_t MarkStackSize                            = 4194304                                   {product} {ergonomic}
   size_t MaxHeapSize                              = 2040528896                                {product} {ergonomic}
   size_t MaxNewSize                               = 1223688192                                {product} {ergonomic}
   size_t MinHeapDeltaBytes                        = 1048576                                   {product} {ergonomic}
   size_t MinHeapSize                              = 8388608                                   {product} {ergonomic}
    uintx NonNMethodCodeHeapSize                   = 5839372                                {pd product} {ergonomic}
    uintx NonProfiledCodeHeapSize                  = 122909434                              {pd product} {ergonomic}
    uintx ProfiledCodeHeapSize                     = 122909434                              {pd product} {ergonomic}
    uintx ReservedCodeCacheSize                    = 251658240                              {pd product} {ergonomic}
     bool SegmentedCodeCache                       = true                                      {product} {ergonomic}
   size_t SoftMaxHeapSize                          = 2040528896                             {manageable} {ergonomic}
     bool UseCompressedClassPointers               = true                           {product lp64_product} {ergonomic}
     bool UseCompressedOops                        = true                           {product lp64_product} {ergonomic}
     bool UseG1GC                                  = true                                      {product} {ergonomic}
     bool UseLargePagesIndividualAllocation        = false                                  {pd product} {ergonomic}

Logging:
Log output configuration:
 #0: stdout all=warning uptime,level,tags foldmultilines=false
 #1: stderr all=off uptime,level,tags foldmultilines=false

Environment Variables:
PATH=C:\Program Files\Python311\Scripts\;C:\Program Files\Python311\;C:\Program Files\Common Files\Oracle\Java\javapath;C:\WINDOWS\system32;C:\WINDOWS;C:\WINDOWS\System32\Wbem;C:\WINDOWS\System32\WindowsPowerShell\v1.0\;C:\WINDOWS\System32\OpenSSH\;C:\Program Files\nodejs\;C:\ProgramData\chocolatey\bin;C:\Program Files\Go\bin;C:\Program Files\Azure Data Studio\bin;C:\Program Files\MySQL\MySQL Server 8.0\bin;C:\Program Files\Python311;\users\gertrude\appdata\roaming\python\python311\site-packages;C:\Users\Gertrude\AppData\Roaming\Python\Python311\Scripts;C:\Program Files\MySQL\MySQL Shell 8.0\bin\;C:\Users\Gertrude\AppData\Local\Microsoft\WindowsApps;C:\Program Files\CodeBlocks\MinGW\bin;C:\Users\Gertrude\AppData\Roaming\npm;C:\Users\Gertrude\AppData\Local\Programs\Microsoft VS Code\bin;C:\Users\Gertrude\go\bin;C:\Program Files\Azure Data Studio\bin;C:\Program Files\Python311;\users\gertrude\appdata\roaming\python\python311\site-packages;C:\Users\Gertrude\AppData\Roaming\Python\Python311\Scripts;
USERNAME=Gertrude
OS=Windows_NT
PROCESSOR_IDENTIFIER=Intel64 Family 6 Model 126 Stepping 5, GenuineIntel
TMP=C:\Users\Gertrude\AppData\Local\Temp
TEMP=C:\Users\Gertrude\AppData\Local\Temp



---------------  S Y S T E M  ---------------

OS:
 Windows 11 , 64 bit Build 22621 (10.0.22621.1344)
OS uptime: 3 days 20:58 hours
Hyper-V role detected

CPU: total 8 (initial active 8) (4 cores per cpu, 2 threads per core) family 6 model 126 stepping 5 microcode 0xa8, cx8, cmov, fxsr, ht, mmx, 3dnowpref, sse, sse2, sse3, ssse3, sse4.1, sse4.2, popcnt, lzcnt, tsc, tscinvbit, avx, avx2, aes, erms, clmul, bmi1, bmi2, adx, avx512f, avx512dq, avx512cd, avx512bw, avx512vl, sha, fma, vzeroupper, avx512_vpopcntdq, avx512_vpclmulqdq, avx512_vaes, avx512_vnni, clflush, clflushopt, avx512_vbmi2, avx512_vbmi, hv, rdtscp, rdpid, fsrm, gfni, avx512_bitalg

Memory: 4k page, system-wide physical 7778M (867M free)
TotalPageFile size 9826M (AvailPageFile size 1M)
current process WorkingSet (physical memory assigned to process): 54M, peak: 54M
current process commit charge ("private bytes"): 217M, peak: 217M

vm_info: Java HotSpot(TM) 64-Bit Server VM (19+36-2238) for windows-amd64 JRE (19+36-2238), built on 2022-08-12T20:29:01Z by "mach5one" with MS VC++ 17.1 (VS2022)

END.
