#
# There is insufficient memory for the Java Runtime Environment to continue.
# Native memory allocation (malloc) failed to allocate 941456 bytes for Chunk::new
# Possible reasons:
#   The system is out of physical RAM or swap space
#   In 32 bit mode, the process size limit was hit
# Possible solutions:
#   Reduce memory load on the system
#   Increase physical memory or swap space
#   Check if swap backing store is full
#   Use 64 bit Java on a 64 bit OS
#   Decrease Java heap size (-Xmx/-Xms)
#   Decrease number of Java threads
#   Decrease Java thread stack sizes (-Xss)
#   Set larger code cache with -XX:ReservedCodeCacheSize=
# This output file may be truncated or incomplete.
#
#  Out of Memory Error (allocation.cpp:390), pid=7184, tid=0x0000000000003bf4
#
# JRE version: Java(TM) SE Runtime Environment (8.0_111-b14) (build 1.8.0_111-b14)
# Java VM: Java HotSpot(TM) 64-Bit Server VM (25.111-b14 mixed mode windows-amd64 compressed oops)
# Failed to write core dump. Minidumps are not enabled by default on client versions of Windows
#

---------------  T H R E A D  ---------------

Current thread (0x000000001949c000):  JavaThread "C2 CompilerThread1" daemon [_thread_in_native, id=15348, stack(0x0000000019d70000,0x0000000019e70000)]

Stack: [0x0000000019d70000,0x0000000019e70000]
[error occurred during error reporting (printing stack bounds), id 0xc0000005]

Native frames: (J=compiled Java code, j=interpreted, Vv=VM code, C=native code)


Current CompileTask:
C2:  31582 2641       4       javax.swing.plaf.nimbus.NimbusStyle::get (240 bytes)


---------------  P R O C E S S  ---------------

Java Threads: ( => current thread )
  0x000000001a824800 JavaThread "mysql-cj-abandoned-connection-cleanup" daemon [_thread_blocked, id=16320, stack(0x000000001c7a0000,0x000000001c8a0000)]
  0x000000001a756800 JavaThread "TimerQueue" daemon [_thread_blocked, id=1696, stack(0x000000001bab0000,0x000000001bbb0000)]
  0x00000000024ce000 JavaThread "DestroyJavaVM" [_thread_blocked, id=16544, stack(0x00000000026d0000,0x00000000027d0000)]
  0x000000001a4d9000 JavaThread "AWT-EventQueue-0" [_thread_blocked, id=23448, stack(0x000000001b5b0000,0x000000001b6b0000)]
  0x000000001a480000 JavaThread "AWT-Windows" daemon [_thread_in_native, id=15624, stack(0x000000001adc0000,0x000000001aec0000)]
  0x000000001a47d000 JavaThread "AWT-Shutdown" [_thread_blocked, id=22012, stack(0x000000001acc0000,0x000000001adc0000)]
  0x000000001a47c800 JavaThread "Java2D Disposer" daemon [_thread_blocked, id=7084, stack(0x000000001abc0000,0x000000001acc0000)]
  0x0000000019532000 JavaThread "Service Thread" daemon [_thread_blocked, id=11320, stack(0x000000001a070000,0x000000001a170000)]
  0x00000000194b1800 JavaThread "C1 CompilerThread3" daemon [_thread_blocked, id=22484, stack(0x0000000019f70000,0x000000001a070000)]
  0x00000000194aa000 JavaThread "C2 CompilerThread2" daemon [_thread_blocked, id=20964, stack(0x0000000019e70000,0x0000000019f70000)]
=>0x000000001949c000 JavaThread "C2 CompilerThread1" daemon [_thread_in_native, id=15348, stack(0x0000000019d70000,0x0000000019e70000)]
  0x0000000019498000 JavaThread "C2 CompilerThread0" daemon [_thread_blocked, id=9552, stack(0x0000000019c70000,0x0000000019d70000)]
  0x0000000019497000 JavaThread "Attach Listener" daemon [_thread_blocked, id=21280, stack(0x0000000019b70000,0x0000000019c70000)]
  0x0000000019496000 JavaThread "Signal Dispatcher" daemon [_thread_blocked, id=2004, stack(0x0000000019a70000,0x0000000019b70000)]
  0x00000000028c9000 JavaThread "Finalizer" daemon [_thread_blocked, id=11164, stack(0x0000000019870000,0x0000000019970000)]
  0x00000000028c8000 JavaThread "Reference Handler" daemon [_thread_blocked, id=15248, stack(0x0000000019370000,0x0000000019470000)]

Other Threads:
  0x0000000017579000 VMThread [stack: 0x0000000019270000,0x0000000019370000] [id=21288]
  0x0000000019556000 WatcherThread [stack: 0x000000001a170000,0x000000001a270000] [id=17124]

VM state:not at safepoint (normal execution)

VM Mutex/Monitor currently owned by a thread: None

Heap:
 PSYoungGen      total 36352K, used 22810K [0x00000000d7780000, 0x00000000da000000, 0x0000000100000000)
  eden space 31232K, 73% used [0x00000000d7780000,0x00000000d8dc6af0,0x00000000d9600000)
  from space 5120K, 0% used [0x00000000d9b00000,0x00000000d9b00000,0x00000000da000000)
  to   space 5120K, 0% used [0x00000000d9600000,0x00000000d9600000,0x00000000d9b00000)
 ParOldGen       total 52224K, used 6357K [0x0000000086600000, 0x0000000089900000, 0x00000000d7780000)
  object space 52224K, 12% used [0x0000000086600000,0x0000000086c35658,0x0000000089900000)
 Metaspace       used 22243K, capacity 22500K, committed 22912K, reserved 1069056K
  class space    used 2748K, capacity 2848K, committed 2944K, reserved 1048576K

Card table byte_map: [0x0000000011c90000,0x0000000012060000] byte_map_base: 0x000000001185d000

Marking Bits: (ParMarkBitMap*) 0x000000006f20a6c0
 Begin Bits: [0x0000000012af0000, 0x0000000014958000)
 End Bits:   [0x0000000014958000, 0x00000000167c0000)

Polling page: 0x0000000000c80000

CodeCache: size=245760Kb used=8301Kb max_used=8325Kb free=237459Kb
 bounds [0x00000000028d0000, 0x0000000003100000, 0x00000000118d0000]
 total_blobs=3269 nmethods=2663 adapters=518
 compilation: enabled

Compilation events (10 events):
Event: 31.420 Thread 0x00000000194b1800 2665       3       sun.awt.image.SunVolatileImage::createSurfaceManager (52 bytes)
Event: 31.421 Thread 0x00000000194b1800 nmethod 2665 0x00000000030ed2d0 code [0x00000000030ed4a0, 0x00000000030edde8]
Event: 31.421 Thread 0x00000000194b1800 2661       1       javax.swing.AbstractButton::isContentAreaFilled (5 bytes)
Event: 31.421 Thread 0x00000000194b1800 nmethod 2661 0x00000000030ee150 code [0x00000000030ee2a0, 0x00000000030ee3b0]
Event: 31.421 Thread 0x00000000194b1800 2662       1       javax.swing.plaf.nimbus.ButtonPainter::getPaintContext (5 bytes)
Event: 31.421 Thread 0x00000000194b1800 nmethod 2662 0x00000000030ee410 code [0x00000000030ee560, 0x00000000030ee670]
Event: 31.459 Thread 0x0000000019498000 nmethod 2651 0x00000000030f6390 code [0x00000000030f6500, 0x00000000030f77c8]
Event: 31.459 Thread 0x0000000019498000 2652       4       java.lang.Math::round (56 bytes)
Event: 31.460 Thread 0x00000000194aa000 nmethod 2649 0x00000000030f2390 code [0x00000000030f2500, 0x00000000030f3608]
Event: 31.461 Thread 0x0000000019498000 nmethod 2652 0x00000000030a81d0 code [0x00000000030a8300, 0x00000000030a8398]

GC Heap History (6 events):
Event: 6.044 GC heap before
{Heap before GC invocations=1 (full 0):
 PSYoungGen      total 36352K, used 31232K [0x00000000d7780000, 0x00000000da000000, 0x0000000100000000)
  eden space 31232K, 100% used [0x00000000d7780000,0x00000000d9600000,0x00000000d9600000)
  from space 5120K, 0% used [0x00000000d9b00000,0x00000000d9b00000,0x00000000da000000)
  to   space 5120K, 0% used [0x00000000d9600000,0x00000000d9600000,0x00000000d9b00000)
 ParOldGen       total 83456K, used 0K [0x0000000086600000, 0x000000008b780000, 0x00000000d7780000)
  object space 83456K, 0% used [0x0000000086600000,0x0000000086600000,0x000000008b780000)
 Metaspace       used 19785K, capacity 20140K, committed 20352K, reserved 1067008K
  class space    used 2517K, capacity 2644K, committed 2688K, reserved 1048576K
Event: 6.062 GC heap after
Heap after GC invocations=1 (full 0):
 PSYoungGen      total 36352K, used 5105K [0x00000000d7780000, 0x00000000da000000, 0x0000000100000000)
  eden space 31232K, 0% used [0x00000000d7780000,0x00000000d7780000,0x00000000d9600000)
  from space 5120K, 99% used [0x00000000d9600000,0x00000000d9afc490,0x00000000d9b00000)
  to   space 5120K, 0% used [0x00000000d9b00000,0x00000000d9b00000,0x00000000da000000)
 ParOldGen       total 83456K, used 3348K [0x0000000086600000, 0x000000008b780000, 0x00000000d7780000)
  object space 83456K, 4% used [0x0000000086600000,0x00000000869450d8,0x000000008b780000)
 Metaspace       used 19785K, capacity 20140K, committed 20352K, reserved 1067008K
  class space    used 2517K, capacity 2644K, committed 2688K, reserved 1048576K
}
Event: 6.303 GC heap before
{Heap before GC invocations=2 (full 0):
 PSYoungGen      total 36352K, used 8816K [0x00000000d7780000, 0x00000000da000000, 0x0000000100000000)
  eden space 31232K, 11% used [0x00000000d7780000,0x00000000d7b1fd90,0x00000000d9600000)
  from space 5120K, 99% used [0x00000000d9600000,0x00000000d9afc490,0x00000000d9b00000)
  to   space 5120K, 0% used [0x00000000d9b00000,0x00000000d9b00000,0x00000000da000000)
 ParOldGen       total 83456K, used 3348K [0x0000000086600000, 0x000000008b780000, 0x00000000d7780000)
  object space 83456K, 4% used [0x0000000086600000,0x00000000869450d8,0x000000008b780000)
 Metaspace       used 20795K, capacity 21056K, committed 21248K, reserved 1067008K
  class space    used 2640K, capacity 2752K, committed 2816K, reserved 1048576K
Event: 6.315 GC heap after
Heap after GC invocations=2 (full 0):
 PSYoungGen      total 36352K, used 5105K [0x00000000d7780000, 0x00000000da000000, 0x0000000100000000)
  eden space 31232K, 0% used [0x00000000d7780000,0x00000000d7780000,0x00000000d9600000)
  from space 5120K, 99% used [0x00000000d9b00000,0x00000000d9ffc470,0x00000000da000000)
  to   space 5120K, 0% used [0x00000000d9600000,0x00000000d9600000,0x00000000d9b00000)
 ParOldGen       total 83456K, used 3927K [0x0000000086600000, 0x000000008b780000, 0x00000000d7780000)
  object space 83456K, 4% used [0x0000000086600000,0x00000000869d5c68,0x000000008b780000)
 Metaspace       used 20795K, capacity 21056K, committed 21248K, reserved 1067008K
  class space    used 2640K, capacity 2752K, committed 2816K, reserved 1048576K
}
Event: 6.315 GC heap before
{Heap before GC invocations=3 (full 1):
 PSYoungGen      total 36352K, used 5105K [0x00000000d7780000, 0x00000000da000000, 0x0000000100000000)
  eden space 31232K, 0% used [0x00000000d7780000,0x00000000d7780000,0x00000000d9600000)
  from space 5120K, 99% used [0x00000000d9b00000,0x00000000d9ffc470,0x00000000da000000)
  to   space 5120K, 0% used [0x00000000d9600000,0x00000000d9600000,0x00000000d9b00000)
 ParOldGen       total 83456K, used 3927K [0x0000000086600000, 0x000000008b780000, 0x00000000d7780000)
  object space 83456K, 4% used [0x0000000086600000,0x00000000869d5c68,0x000000008b780000)
 Metaspace       used 20795K, capacity 21056K, committed 21248K, reserved 1067008K
  class space    used 2640K, capacity 2752K, committed 2816K, reserved 1048576K
Event: 6.386 GC heap after
Heap after GC invocations=3 (full 1):
 PSYoungGen      total 36352K, used 0K [0x00000000d7780000, 0x00000000da000000, 0x0000000100000000)
  eden space 31232K, 0% used [0x00000000d7780000,0x00000000d7780000,0x00000000d9600000)
  from space 5120K, 0% used [0x00000000d9b00000,0x00000000d9b00000,0x00000000da000000)
  to   space 5120K, 0% used [0x00000000d9600000,0x00000000d9600000,0x00000000d9b00000)
 ParOldGen       total 52224K, used 6357K [0x0000000086600000, 0x0000000089900000, 0x00000000d7780000)
  object space 52224K, 12% used [0x0000000086600000,0x0000000086c35658,0x0000000089900000)
 Metaspace       used 20795K, capacity 21056K, committed 21248K, reserved 1067008K
  class space    used 2640K, capacity 2752K, committed 2816K, reserved 1048576K
}

Deoptimization events (10 events):
Event: 12.530 Thread 0x000000001a4d9000 Uncommon trap: reason=unstable_if action=reinterpret pc=0x0000000002ade154 method=javax.swing.plaf.nimbus.DerivedColor.equals(Ljava/lang/Object;)Z @ 45
Event: 12.730 Thread 0x000000001a4d9000 Uncommon trap: reason=unstable_if action=reinterpret pc=0x0000000002cd7374 method=java.lang.CharacterDataLatin1.digit(II)I @ 60
Event: 12.730 Thread 0x000000001a4d9000 Uncommon trap: reason=unstable_if action=reinterpret pc=0x0000000002ccb5b0 method=java.lang.CharacterDataLatin1.digit(II)I @ 60
Event: 14.183 Thread 0x000000001a4d9000 Uncommon trap: reason=unstable_if action=reinterpret pc=0x0000000002ce5f60 method=java.lang.Integer.parseInt(Ljava/lang/String;I)I @ 108
Event: 14.194 Thread 0x000000001a4d9000 Uncommon trap: reason=bimorphic action=maybe_recompile pc=0x0000000002d6eaf8 method=java.util.Hashtable.put(Ljava/lang/Object;Ljava/lang/Object;)Ljava/lang/Object; @ 60
Event: 14.194 Thread 0x000000001a4d9000 Uncommon trap: reason=bimorphic action=maybe_recompile pc=0x0000000002d6eaf8 method=java.util.Hashtable.put(Ljava/lang/Object;Ljava/lang/Object;)Ljava/lang/Object; @ 60
Event: 14.194 Thread 0x000000001a4d9000 Uncommon trap: reason=bimorphic action=maybe_recompile pc=0x0000000002d6eaf8 method=java.util.Hashtable.put(Ljava/lang/Object;Ljava/lang/Object;)Ljava/lang/Object; @ 60
Event: 14.194 Thread 0x000000001a4d9000 Uncommon trap: reason=bimorphic action=maybe_recompile pc=0x0000000002d6eaf8 method=java.util.Hashtable.put(Ljava/lang/Object;Ljava/lang/Object;)Ljava/lang/Object; @ 60
Event: 14.323 Thread 0x000000001a4d9000 Uncommon trap: reason=unstable_if action=reinterpret pc=0x0000000002ea482c method=java.awt.MultipleGradientPaintContext.indexIntoGradientsArrays(F)I @ 24
Event: 14.323 Thread 0x000000001a4d9000 Uncommon trap: reason=unstable_if action=reinterpret pc=0x0000000002df8720 method=java.awt.MultipleGradientPaintContext.indexIntoGradientsArrays(F)I @ 24

Internal exceptions (10 events):
Event: 0.955 Thread 0x00000000024ce000 Exception <a 'java/lang/ClassNotFoundException': ToolBar> (0x00000000d7b9b2d0) thrown at [C:\re\workspace\8-2-build-windows-amd64-cygwin\jdk8u111\7883\hotspot\src\share\vm\classfile\systemDictionary.cpp, line 210]
Event: 0.955 Thread 0x00000000024ce000 Exception <a 'java/lang/ClassNotFoundException': ToggleButton> (0x00000000d7b9b880) thrown at [C:\re\workspace\8-2-build-windows-amd64-cygwin\jdk8u111\7883\hotspot\src\share\vm\classfile\systemDictionary.cpp, line 210]
Event: 0.955 Thread 0x00000000024ce000 Exception <a 'java/lang/ClassNotFoundException': javax/swing/JToolBarSeparator> (0x00000000d7b9bce0) thrown at [C:\re\workspace\8-2-build-windows-amd64-cygwin\jdk8u111\7883\hotspot\src\share\vm\classfile\systemDictionary.cpp, line 210]
Event: 0.955 Thread 0x00000000024ce000 Exception <a 'java/lang/ClassNotFoundException': ToolBarSeparator> (0x00000000d7b9c178) thrown at [C:\re\workspace\8-2-build-windows-amd64-cygwin\jdk8u111\7883\hotspot\src\share\vm\classfile\systemDictionary.cpp, line 210]
Event: 0.956 Thread 0x00000000024ce000 Exception <a 'java/lang/ClassNotFoundException': ToolTip> (0x00000000d7b9c8b8) thrown at [C:\re\workspace\8-2-build-windows-amd64-cygwin\jdk8u111\7883\hotspot\src\share\vm\classfile\systemDictionary.cpp, line 210]
Event: 0.961 Thread 0x00000000024ce000 Exception <a 'java/lang/ClassNotFoundException': Tree> (0x00000000d7b9d4d8) thrown at [C:\re\workspace\8-2-build-windows-amd64-cygwin\jdk8u111\7883\hotspot\src\share\vm\classfile\systemDictionary.cpp, line 210]
Event: 0.961 Thread 0x00000000024ce000 Exception <a 'java/lang/ClassNotFoundException': Tree> (0x00000000d7b9dc18) thrown at [C:\re\workspace\8-2-build-windows-amd64-cygwin\jdk8u111\7883\hotspot\src\share\vm\classfile\systemDictionary.cpp, line 210]
Event: 0.961 Thread 0x00000000024ce000 Exception <a 'java/lang/ClassNotFoundException': javax/swing/JTreeCell> (0x00000000d7b9df98) thrown at [C:\re\workspace\8-2-build-windows-amd64-cygwin\jdk8u111\7883\hotspot\src\share\vm\classfile\systemDictionary.cpp, line 210]
Event: 0.961 Thread 0x00000000024ce000 Exception <a 'java/lang/ClassNotFoundException': TreeCell> (0x00000000d7b9e420) thrown at [C:\re\workspace\8-2-build-windows-amd64-cygwin\jdk8u111\7883\hotspot\src\share\vm\classfile\systemDictionary.cpp, line 210]
Event: 0.963 Thread 0x00000000024ce000 Exception <a 'java/lang/ClassNotFoundException': RootPane> (0x00000000d7b9ee80) thrown at [C:\re\workspace\8-2-build-windows-amd64-cygwin\jdk8u111\7883\hotspot\src\share\vm\classfile\systemDictionary.cpp, line 210]

Events (10 events):
Event: 20.393 loading class java/awt/KeyboardFocusManager$5
Event: 20.393 loading class java/awt/KeyboardFocusManager$5 done
Event: 20.394 loading class javax/swing/JComponent$KeyboardState
Event: 20.394 loading class javax/swing/JComponent$KeyboardState done
Event: 20.394 loading class javax/swing/JComponent$IntVector
Event: 20.394 loading class javax/swing/JComponent$IntVector done
Event: 20.395 loading class javax/swing/JComponent$ActionStandin
Event: 20.395 loading class javax/swing/JComponent$ActionStandin done
Event: 27.314 Thread 0x000000001a4d9000 DEOPT PACKING pc=0x0000000002df1afe sp=0x000000001b6abba0
Event: 27.314 Thread 0x000000001a4d9000 DEOPT UNPACKING pc=0x000000000291787f sp=0x000000001b6ab928 mode 0


Dynamic libraries:
0x00007ff755e50000 - 0x00007ff755e87000 	C:\Program Files\Java\jdk1.8.0_111\bin\java.exe
0x00007fff6e910000 - 0x00007fff6eb24000 	C:\WINDOWS\SYSTEM32\ntdll.dll
0x00007fff6e510000 - 0x00007fff6e5d2000 	C:\WINDOWS\System32\KERNEL32.DLL
0x00007fff6c190000 - 0x00007fff6c52c000 	C:\WINDOWS\System32\KERNELBASE.dll
0x00007fff6deb0000 - 0x00007fff6df5e000 	C:\WINDOWS\System32\ADVAPI32.dll
0x00007fff6c7d0000 - 0x00007fff6c877000 	C:\WINDOWS\System32\msvcrt.dll
0x00007fff6c8c0000 - 0x00007fff6c964000 	C:\WINDOWS\System32\sechost.dll
0x00007fff6d690000 - 0x00007fff6d7a7000 	C:\WINDOWS\System32\RPCRT4.dll
0x00007fff6dd00000 - 0x00007fff6deab000 	C:\WINDOWS\System32\USER32.dll
0x00007fff6beb0000 - 0x00007fff6bed6000 	C:\WINDOWS\System32\win32u.dll
0x00007fff6e5e0000 - 0x00007fff6e609000 	C:\WINDOWS\System32\GDI32.dll
0x00007fff6bf50000 - 0x00007fff6c063000 	C:\WINDOWS\System32\gdi32full.dll
0x00007fff6bd50000 - 0x00007fff6bdea000 	C:\WINDOWS\System32\msvcp_win.dll
0x00007fff6c070000 - 0x00007fff6c181000 	C:\WINDOWS\System32\ucrtbase.dll
0x00007fff49280000 - 0x00007fff4950e000 	C:\WINDOWS\WinSxS\amd64_microsoft.windows.common-controls_6595b64144ccf1df_6.0.22621.608_none_a9444ca7c10bb01d\COMCTL32.dll
0x00007fff6c880000 - 0x00007fff6c8b1000 	C:\WINDOWS\System32\IMM32.DLL
0x000000006e910000 - 0x000000006e9e2000 	C:\Program Files\Java\jdk1.8.0_111\jre\bin\msvcr100.dll
0x000000006e9f0000 - 0x000000006f28a000 	C:\Program Files\Java\jdk1.8.0_111\jre\bin\server\jvm.dll
0x00007fff6e610000 - 0x00007fff6e618000 	C:\WINDOWS\System32\PSAPI.DLL
0x00007fff547e0000 - 0x00007fff547e9000 	C:\WINDOWS\SYSTEM32\WSOCK32.dll
0x00007fff64040000 - 0x00007fff64074000 	C:\WINDOWS\SYSTEM32\WINMM.dll
0x00007fff6e370000 - 0x00007fff6e3e1000 	C:\WINDOWS\System32\WS2_32.dll
0x00007fff63e90000 - 0x00007fff63e9a000 	C:\WINDOWS\SYSTEM32\VERSION.dll
0x000000006e8c0000 - 0x000000006e8cf000 	C:\Program Files\Java\jdk1.8.0_111\jre\bin\verify.dll
0x000000006e890000 - 0x000000006e8b9000 	C:\Program Files\Java\jdk1.8.0_111\jre\bin\java.dll
0x000000006e870000 - 0x000000006e886000 	C:\Program Files\Java\jdk1.8.0_111\jre\bin\zip.dll
0x00007fff6cea0000 - 0x00007fff6d690000 	C:\WINDOWS\System32\SHELL32.dll
0x00007fff69d10000 - 0x00007fff6a5dd000 	C:\WINDOWS\SYSTEM32\windows.storage.dll
0x00007fff6d970000 - 0x00007fff6dcf9000 	C:\WINDOWS\System32\combase.dll
0x00007fff69bd0000 - 0x00007fff69d0e000 	C:\WINDOWS\SYSTEM32\wintypes.dll
0x00007fff6e620000 - 0x00007fff6e711000 	C:\WINDOWS\System32\SHCORE.dll
0x00007fff6df60000 - 0x00007fff6dfbe000 	C:\WINDOWS\System32\shlwapi.dll
0x00007fff6bc80000 - 0x00007fff6bca1000 	C:\WINDOWS\SYSTEM32\profapi.dll
0x000000006e690000 - 0x000000006e828000 	C:\Program Files\Java\jdk1.8.0_111\jre\bin\awt.dll
0x00007fff6e170000 - 0x00007fff6e247000 	C:\WINDOWS\System32\OLEAUT32.dll
0x00007fff68bc0000 - 0x00007fff68c56000 	C:\WINDOWS\SYSTEM32\apphelp.dll
0x00007fff68e00000 - 0x00007fff68eab000 	C:\WINDOWS\system32\uxtheme.dll
0x00007fff6e3f0000 - 0x00007fff6e50e000 	C:\WINDOWS\System32\MSCTF.dll
0x00007fff6dfd0000 - 0x00007fff6e16c000 	C:\WINDOWS\System32\ole32.dll
0x00007fff6ad60000 - 0x00007fff6ad78000 	C:\WINDOWS\SYSTEM32\kernel.appcore.dll
0x00007fff6c6a0000 - 0x00007fff6c71b000 	C:\WINDOWS\System32\bcryptPrimitives.dll
0x00007fff690a0000 - 0x00007fff690cb000 	C:\WINDOWS\system32\DWMAPI.DLL
0x000000006e640000 - 0x000000006e687000 	C:\Program Files\Java\jdk1.8.0_111\jre\bin\fontmanager.dll
0x000000006e850000 - 0x000000006e86a000 	C:\Program Files\Java\jdk1.8.0_111\jre\bin\net.dll
0x00007fff6b1d0000 - 0x00007fff6b239000 	C:\WINDOWS\system32\mswsock.dll
0x000000006e830000 - 0x000000006e841000 	C:\Program Files\Java\jdk1.8.0_111\jre\bin\nio.dll
0x000000006e5f0000 - 0x000000006e632000 	C:\Program Files\Java\jdk1.8.0_111\jre\bin\t2k.dll
0x00007fff6e720000 - 0x00007fff6e7d0000 	C:\WINDOWS\System32\clbcatq.dll
0x00007fff67540000 - 0x00007fff676f0000 	C:\WINDOWS\SYSTEM32\WindowsCodecs.dll
0x00007fff561a0000 - 0x00007fff561fe000 	C:\WINDOWS\system32\dataexchange.dll
0x00007fff63840000 - 0x00007fff63aaa000 	C:\WINDOWS\system32\twinapi.appcore.dll
0x00007fff6a8a0000 - 0x00007fff6a993000 	C:\WINDOWS\SYSTEM32\DNSAPI.dll
0x00007fff6a830000 - 0x00007fff6a85d000 	C:\WINDOWS\SYSTEM32\IPHLPAPI.DLL
0x00007fff6dfc0000 - 0x00007fff6dfc9000 	C:\WINDOWS\System32\NSI.dll
0x000000006f3f0000 - 0x000000006f416000 	C:\Program Files\Bonjour\mdnsNSP.dll
0x00007fff5d920000 - 0x00007fff5d92a000 	C:\Windows\System32\rasadhlp.dll
0x00007fff624c0000 - 0x00007fff62543000 	C:\WINDOWS\System32\fwpuclnt.dll
0x000000006e020000 - 0x000000006e044000 	C:\Program Files\Java\jdk1.8.0_111\jre\bin\sunec.dll
0x00007fff6b400000 - 0x00007fff6b41b000 	C:\WINDOWS\SYSTEM32\CRYPTSP.dll
0x00007fff6acd0000 - 0x00007fff6ad05000 	C:\WINDOWS\system32\rsaenh.dll
0x00007fff6b290000 - 0x00007fff6b2b8000 	C:\WINDOWS\SYSTEM32\USERENV.dll
0x00007fff6b630000 - 0x00007fff6b658000 	C:\WINDOWS\SYSTEM32\bcrypt.dll
0x00007fff6b420000 - 0x00007fff6b42c000 	C:\WINDOWS\SYSTEM32\CRYPTBASE.dll
0x00007fff656d0000 - 0x00007fff656e9000 	C:\WINDOWS\SYSTEM32\dhcpcsvc6.DLL
0x00007fff656b0000 - 0x00007fff656cf000 	C:\WINDOWS\SYSTEM32\dhcpcsvc.DLL
0x000000006e010000 - 0x000000006e01b000 	C:\Program Files\Java\jdk1.8.0_111\jre\bin\sunmscapi.dll
0x00007fff6c530000 - 0x00007fff6c696000 	C:\WINDOWS\System32\CRYPT32.dll
0x00007fff62e60000 - 0x00007fff62f8e000 	C:\WINDOWS\SYSTEM32\textinputframework.dll
0x00007fff4fc50000 - 0x00007fff4fcb9000 	C:\WINDOWS\system32\Oleacc.dll
0x000000006e3e0000 - 0x000000006e40a000 	C:\Program Files\Java\jdk1.8.0_111\jre\bin\dcpr.dll
0x00007fff688e0000 - 0x00007fff68a13000 	C:\WINDOWS\SYSTEM32\CoreMessaging.dll
0x00007fff64e30000 - 0x00007fff6519c000 	C:\WINDOWS\SYSTEM32\CoreUIComponents.dll

VM Arguments:
jvm_args: -Dfile.encoding=UTF-8 
java_command: Family.Children
java_class_path (initial): C:\Users\Gertrude\Downloads\mysql-connector-j-8.0.31\mysql-connector-j-8.0.31\mysql-connector-j-8.0.31.jar;C:\Users\Gertrude\Downloads\jcalendar-1.4\lib\jcalendar-1.4.jar;C:\Users\Gertrude\OneDrive\Desktop\FamilySaving\build\classes
Launcher Type: SUN_STANDARD

Environment Variables:
JAVA_HOME=C:\Program Files\Java\jdk-20
PATH=C:\ProgramData\Oracle\Java\javapath;C:\Program Files\OpenJDK\jre-8.0.362.09-hotspot\bin;C:\Program Files\Python311\Scripts\;C:\Program Files\Python311\;C:\Program Files\Common Files\Oracle\Java\javapath;C:\WINDOWS\system32;C:\WINDOWS;C:\WINDOWS\System32\Wbem;C:\WINDOWS\System32\WindowsPowerShell\v1.0\;C:\WINDOWS\System32\OpenSSH\;C:\Program Files\nodejs\;C:\ProgramData\chocolatey\bin;C:\Program Files\Go\bin;C:\Program Files\Azure Data Studio\bin;C:\Program Files\MySQL\MySQL Server 8.0\bin;C:\Program Files\Python311;\users\gertrude\appdata\roaming\python\python311\site-packages;C:\Users\Gertrude\AppData\Roaming\Python\Python311\Scripts;C:\Users\Gertrude\AppData\Roaming\Python\Python311\site-packages\pandas;C:\Program Files\Git\cmd;C:\Program Files\Java\jdk-20\bin;C:\Program Files\MySQL\MySQL Shell 8.0\bin\;C:\Users\Gertrude\AppData\Local\Microsoft\WindowsApps;C:\Program Files\CodeBlocks\MinGW\bin;C:\Users\Gertrude\AppData\Roaming\npm;C:\Users\Gertrude\AppData\Local\Programs\Microsoft VS Code\bin;C:\Users\Gertrude\go\bin;C:\Program Files\Azure Data Studio\bin;C:\Program Files\Python311;\users\gertrude\appdata\roaming\python\python311\site-packages;C:\Users\Gertrude\AppData\Roaming\Python\Python311\Scripts;
USERNAME=Gertrude
OS=Windows_NT
PROCESSOR_IDENTIFIER=Intel64 Family 6 Model 126 Stepping 5, GenuineIntel



---------------  S Y S T E M  ---------------

OS: Windows 10.0 , 64 bit Build 22621 (10.0.22621.1485)

CPU:total 8 (4 cores per cpu, 2 threads per core) family 6 model 126 stepping 5, cmov, cx8, fxsr, mmx, sse, sse2, sse3, ssse3, sse4.1, sse4.2, popcnt, avx, avx2, aes, clmul, erms, 3dnowpref, lzcnt, ht, tsc, tscinvbit, bmi1, bmi2, adx

Memory: 4k page, physical 7964852k(628956k free), swap 10062004k(4848k free)

vm_info: Java HotSpot(TM) 64-Bit Server VM (25.111-b14) for windows-amd64 JRE (1.8.0_111-b14), built on Sep 22 2016 19:24:05 by "java_re" with MS VC++ 10.0 (VS2010)

time: Fri May 05 00:49:17 2023
elapsed time: 31 seconds (0d 0h 0m 31s)

