#
# There is insufficient memory for the Java Runtime Environment to continue.
# Native memory allocation (mmap) failed to map 127926272 bytes for G1 virtual space
# Possible reasons:
#   The system is out of physical RAM or swap space
#   The process is running with CompressedOops enabled, and the Java Heap may be blocking the growth of the native heap
# Possible solutions:
#   Reduce memory load on the system
#   Increase physical memory or swap space
#   Check if swap backing store is full
#   Decrease Java heap size (-Xmx/-Xms)
#   Decrease number of Java threads
#   Decrease Java thread stack sizes (-Xss)
#   Set larger code cache with -XX:ReservedCodeCacheSize=
#   JVM is running with Unscaled Compressed Oops mode in which the Java heap is
#     placed in the first 4GB address space. The Java Heap base address is the
#     maximum limit for the native heap growth. Please use -XX:HeapBaseMinAddress
#     to set the Java Heap base and to place the Java Heap above 4GB virtual address.
# This output file may be truncated or incomplete.
#
#  Out of Memory Error (os_windows.cpp:3527), pid=11060, tid=17232
#
# JRE version:  (19.0+36) (build )
# Java VM: Java HotSpot(TM) 64-Bit Server VM (19+36-2238, mixed mode, sharing, tiered, compressed oops, compressed class ptrs, g1 gc, windows-amd64)
# No core dump will be written. Minidumps are not enabled by default on client versions of Windows
#

---------------  S U M M A R Y ------------

Command Line: -Dfile.encoding=UTF-8 --module-path=C:\Users\Gertrude\OneDrive\Desktop\FamilySaving\build\classes Family.Children

Host: Intel(R) Core(TM) i5-1035G1 CPU @ 1.00GHz, 8 cores, 7G,  Windows 11 , 64 bit Build 22621 (10.0.22621.1344)
Time: Thu Apr 13 20:15:49 2023 Egypt Standard Time elapsed time: 0.017682 seconds (0d 0h 0m 0s)

---------------  T H R E A D  ---------------

Current thread (0x000001cfed65a4f0):  JavaThread "Unknown thread" [_thread_in_vm, id=17232, stack(0x00000034e9500000,0x00000034e9600000)]

Stack: [0x00000034e9500000,0x00000034e9600000]
Native frames: (J=compiled Java code, j=interpreted, Vv=VM code, C=native code)
V  [jvm.dll+0x6ee8fa]
V  [jvm.dll+0x857a1e]
V  [jvm.dll+0x85940e]
V  [jvm.dll+0x859ac3]
V  [jvm.dll+0x28291f]
V  [jvm.dll+0x6eb6e9]
V  [jvm.dll+0x6e028a]
V  [jvm.dll+0x357136]
V  [jvm.dll+0x35eb96]
V  [jvm.dll+0x3b555e]
V  [jvm.dll+0x3b578f]
V  [jvm.dll+0x32c6ea]
V  [jvm.dll+0x32d59e]
V  [jvm.dll+0x821b20]
V  [jvm.dll+0x3c27c1]
V  [jvm.dll+0x8022f1]
V  [jvm.dll+0x44b30f]
V  [jvm.dll+0x44cc91]
C  [jli.dll+0x5287]
C  [ucrtbase.dll+0x29363]
C  [KERNEL32.DLL+0x126bd]
C  [ntdll.dll+0x5a9f8]


---------------  P R O C E S S  ---------------

Threads class SMR info:
_java_thread_list=0x00007ffe5921d048, length=0, elements={
}

Java Threads: ( => current thread )

Other Threads:
  0x000001cfed6b72b0 WorkerThread "GC Thread#0" [stack: 0x00000034e9600000,0x00000034e9700000] [id=4032]
  0x000001cfed6c8460 ConcurrentGCThread "G1 Main Marker" [stack: 0x00000034e9700000,0x00000034e9800000] [id=17108]
  0x000001cfed6c8d90 WorkerThread "G1 Conc#0" [stack: 0x00000034e9800000,0x00000034e9900000] [id=12904]

[error occurred during error reporting (printing all threads), id 0xc0000005, EXCEPTION_ACCESS_VIOLATION (0xc0000005) at pc=0x00007ffe589dd127]

VM state: not at safepoint (not fully initialized)

VM Mutex/Monitor currently owned by a thread:  ([mutex/lock_event])
[0x000001cfed655760] Heap_lock - owner thread: 0x000001cfed65a4f0

Heap address: 0x0000000086600000, size: 1946 MB, Compressed Oops mode: 32-bit

CDS archive(s) mapped at: [0x0000000000000000-0x0000000000000000-0x0000000000000000), size 0, SharedBaseAddress: 0x0000000800000000, ArchiveRelocationMode: 0.
Narrow klass base: 0x0000000000000000, Narrow klass shift: 0, Narrow klass range: 0x0

GC Precious Log:
 CardTable entry size: 512
 Card Set container configuration: InlinePtr #cards 5 size 8 Array Of Cards #cards 12 size 40 Howl #buckets 4 coarsen threshold 1843 Howl Bitmap #cards 512 size 80 coarsen threshold 460 Card regions per heap region 1 cards per card region 2048

Heap:
 garbage-first heap   total 0K, used 0K [0x0000000086600000, 0x0000000100000000)
  region size 1024K, 0 young (0K), 0 survivors (0K)

[error occurred during error reporting (printing heap information), id 0xc0000005, EXCEPTION_ACCESS_VIOLATION (0xc0000005) at pc=0x00007ffe58de6959]

GC Heap History (0 events):
No events

Dll operation events (1 events):
Event: 0.010 Loaded shared library C:\Program Files\Java\jdk-19\bin\java.dll

Deoptimization events (0 events):
No events

Classes loaded (0 events):
No events

Classes unloaded (0 events):
No events

Classes redefined (0 events):
No events

Internal exceptions (0 events):
No events

VM Operations (0 events):
No events

Events (0 events):
No events


Dynamic libraries:
0x00007ff7c7a40000 - 0x00007ff7c7a50000 	C:\Program Files\Java\jdk-19\bin\java.exe
0x00007ffec3a30000 - 0x00007ffec3c44000 	C:\WINDOWS\SYSTEM32\ntdll.dll
0x00007ffec2930000 - 0x00007ffec29f3000 	C:\WINDOWS\System32\KERNEL32.DLL
0x00007ffec12c0000 - 0x00007ffec165c000 	C:\WINDOWS\System32\KERNELBASE.dll
0x00007ffec0e70000 - 0x00007ffec0f81000 	C:\WINDOWS\System32\ucrtbase.dll
0x00007ffeb8e50000 - 0x00007ffeb8e68000 	C:\Program Files\Java\jdk-19\bin\jli.dll
0x00007ffebbeb0000 - 0x00007ffebbecb000 	C:\Program Files\Java\jdk-19\bin\VCRUNTIME140.dll
0x00007ffec2e60000 - 0x00007ffec2f0e000 	C:\WINDOWS\System32\ADVAPI32.dll
0x00007ffec26a0000 - 0x00007ffec2747000 	C:\WINDOWS\System32\msvcrt.dll
0x00007ffec3130000 - 0x00007ffec31d4000 	C:\WINDOWS\System32\sechost.dll
0x00007ffec1970000 - 0x00007ffec1a85000 	C:\WINDOWS\System32\RPCRT4.dll
0x00007ffec23b0000 - 0x00007ffec255d000 	C:\WINDOWS\System32\USER32.dll
0x00007ffea52a0000 - 0x00007ffea552e000 	C:\WINDOWS\WinSxS\amd64_microsoft.windows.common-controls_6595b64144ccf1df_6.0.22621.608_none_a9444ca7c10bb01d\COMCTL32.dll
0x00007ffec1050000 - 0x00007ffec1076000 	C:\WINDOWS\System32\win32u.dll
0x00007ffec2560000 - 0x00007ffec2589000 	C:\WINDOWS\System32\GDI32.dll
0x00007ffec1100000 - 0x00007ffec1213000 	C:\WINDOWS\System32\gdi32full.dll
0x00007ffec1220000 - 0x00007ffec12ba000 	C:\WINDOWS\System32\msvcp_win.dll
0x00007ffeb6d00000 - 0x00007ffeb6d0a000 	C:\WINDOWS\SYSTEM32\VERSION.dll
0x00007ffec1930000 - 0x00007ffec1961000 	C:\WINDOWS\System32\IMM32.DLL
0x00007ffeba150000 - 0x00007ffeba15c000 	C:\Program Files\Java\jdk-19\bin\vcruntime140_1.dll
0x00007ffe582c0000 - 0x00007ffe5834e000 	C:\Program Files\Java\jdk-19\bin\msvcp140.dll
0x00007ffe586a0000 - 0x00007ffe59360000 	C:\Program Files\Java\jdk-19\bin\server\jvm.dll
0x00007ffeba670000 - 0x00007ffeba6a4000 	C:\WINDOWS\SYSTEM32\WINMM.dll
0x00007ffea2b80000 - 0x00007ffea2b89000 	C:\WINDOWS\SYSTEM32\WSOCK32.dll
0x00007ffec30b0000 - 0x00007ffec3121000 	C:\WINDOWS\System32\WS2_32.dll
0x00007ffebfe80000 - 0x00007ffebfe98000 	C:\WINDOWS\SYSTEM32\kernel.appcore.dll
0x00007ffeba100000 - 0x00007ffeba10a000 	C:\Program Files\Java\jdk-19\bin\jimage.dll
0x00007ffebe7c0000 - 0x00007ffebe9ee000 	C:\WINDOWS\SYSTEM32\DBGHELP.DLL
0x00007ffec31e0000 - 0x00007ffec3569000 	C:\WINDOWS\System32\combase.dll
0x00007ffec2be0000 - 0x00007ffec2cb7000 	C:\WINDOWS\System32\OLEAUT32.dll
0x00007ffeaa1e0000 - 0x00007ffeaa212000 	C:\WINDOWS\SYSTEM32\dbgcore.DLL
0x00007ffec1080000 - 0x00007ffec10fb000 	C:\WINDOWS\System32\bcryptPrimitives.dll
0x00007ffeb82a0000 - 0x00007ffeb82c6000 	C:\Program Files\Java\jdk-19\bin\java.dll

dbghelp: loaded successfully - version: 4.0.5 - missing functions: none
symbol engine: initialized successfully - sym options: 0x614 - pdb path: .;C:\Program Files\Java\jdk-19\bin;C:\WINDOWS\SYSTEM32;C:\WINDOWS\WinSxS\amd64_microsoft.windows.common-controls_6595b64144ccf1df_6.0.22621.608_none_a9444ca7c10bb01d;C:\Program Files\Java\jdk-19\bin\server

VM Arguments:
jvm_args: -Dfile.encoding=UTF-8 --module-path=C:\Users\Gertrude\OneDrive\Desktop\FamilySaving\build\classes 
java_command: Family.Children
java_class_path (initial): C:\Users\Gertrude\Downloads\mysql-connector-j-8.0.31\mysql-connector-j-8.0.31\mysql-connector-j-8.0.31.jar;C:\Users\Gertrude\OneDrive\Desktop\FamilySaving\build\classes
Launcher Type: SUN_STANDARD

[Global flags]
     intx CICompilerCount                          = 4                                         {product} {ergonomic}
     uint ConcGCThreads                            = 2                                         {product} {ergonomic}
     uint G1ConcRefinementThreads                  = 8                                         {product} {ergonomic}
   size_t G1HeapRegionSize                         = 1048576                                   {product} {ergonomic}
    uintx GCDrainStackTargetSize                   = 64                                        {product} {ergonomic}
   size_t InitialHeapSize                          = 127926272                                 {product} {ergonomic}
   size_t MarkStackSize                            = 4194304                                   {product} {ergonomic}
   size_t MaxHeapSize                              = 2040528896                                {product} {ergonomic}
   size_t MinHeapDeltaBytes                        = 1048576                                   {product} {ergonomic}
   size_t MinHeapSize                              = 8388608                                   {product} {ergonomic}
    uintx NonNMethodCodeHeapSize                   = 5839372                                {pd product} {ergonomic}
    uintx NonProfiledCodeHeapSize                  = 122909434                              {pd product} {ergonomic}
    uintx ProfiledCodeHeapSize                     = 122909434                              {pd product} {ergonomic}
    uintx ReservedCodeCacheSize                    = 251658240                              {pd product} {ergonomic}
     bool SegmentedCodeCache                       = true                                      {product} {ergonomic}
   size_t SoftMaxHeapSize                          = 2040528896                             {manageable} {ergonomic}
     bool UseCompressedClassPointers               = true                           {product lp64_product} {ergonomic}
     bool UseCompressedOops                        = true                           {product lp64_product} {ergonomic}
     bool UseG1GC                                  = true                                      {product} {ergonomic}
     bool UseLargePagesIndividualAllocation        = false                                  {pd product} {ergonomic}

Logging:
Log output configuration:
 #0: stdout all=warning uptime,level,tags foldmultilines=false
 #1: stderr all=off uptime,level,tags foldmultilines=false

Environment Variables:
PATH=C:\Program Files\Python311\Scripts\;C:\Program Files\Python311\;C:\Program Files\Common Files\Oracle\Java\javapath;C:\WINDOWS\system32;C:\WINDOWS;C:\WINDOWS\System32\Wbem;C:\WINDOWS\System32\WindowsPowerShell\v1.0\;C:\WINDOWS\System32\OpenSSH\;C:\Program Files\nodejs\;C:\ProgramData\chocolatey\bin;C:\Program Files\Go\bin;C:\Program Files\Azure Data Studio\bin;C:\Program Files\MySQL\MySQL Server 8.0\bin;C:\Program Files\Python311;\users\gertrude\appdata\roaming\python\python311\site-packages;C:\Users\Gertrude\AppData\Roaming\Python\Python311\Scripts;C:\Program Files\MySQL\MySQL Shell 8.0\bin\;C:\Users\Gertrude\AppData\Local\Microsoft\WindowsApps;C:\Program Files\CodeBlocks\MinGW\bin;C:\Users\Gertrude\AppData\Roaming\npm;C:\Users\Gertrude\AppData\Local\Programs\Microsoft VS Code\bin;C:\Users\Gertrude\go\bin;C:\Program Files\Azure Data Studio\bin;C:\Program Files\Python311;\users\gertrude\appdata\roaming\python\python311\site-packages;C:\Users\Gertrude\AppData\Roaming\Python\Python311\Scripts;
USERNAME=Gertrude
OS=Windows_NT
PROCESSOR_IDENTIFIER=Intel64 Family 6 Model 126 Stepping 5, GenuineIntel
TMP=C:\Users\Gertrude\AppData\Local\Temp
TEMP=C:\Users\Gertrude\AppData\Local\Temp



---------------  S Y S T E M  ---------------

OS:
 Windows 11 , 64 bit Build 22621 (10.0.22621.1344)
OS uptime: 4 days 2:34 hours
Hyper-V role detected

CPU: total 8 (initial active 8) (4 cores per cpu, 2 threads per core) family 6 model 126 stepping 5 microcode 0xa8, cx8, cmov, fxsr, ht, mmx, 3dnowpref, sse, sse2, sse3, ssse3, sse4.1, sse4.2, popcnt, lzcnt, tsc, tscinvbit, avx, avx2, aes, erms, clmul, bmi1, bmi2, adx, avx512f, avx512dq, avx512cd, avx512bw, avx512vl, sha, fma, vzeroupper, avx512_vpopcntdq, avx512_vpclmulqdq, avx512_vaes, avx512_vnni, clflush, clflushopt, avx512_vbmi2, avx512_vbmi, hv, rdtscp, rdpid, fsrm, gfni, avx512_bitalg

Memory: 4k page, system-wide physical 7778M (512M free)
TotalPageFile size 9812M (AvailPageFile size 106M)
current process WorkingSet (physical memory assigned to process): 11M, peak: 11M
current process commit charge ("private bytes"): 60M, peak: 182M

vm_info: Java HotSpot(TM) 64-Bit Server VM (19+36-2238) for windows-amd64 JRE (19+36-2238), built on 2022-08-12T20:29:01Z by "mach5one" with MS VC++ 17.1 (VS2022)

END.
