#
# There is insufficient memory for the Java Runtime Environment to continue.
# Native memory allocation (mmap) failed to map 65536 bytes for Failed to commit metaspace.
# Possible reasons:
#   The system is out of physical RAM or swap space
#   The process is running with CompressedOops enabled, and the Java Heap may be blocking the growth of the native heap
# Possible solutions:
#   Reduce memory load on the system
#   Increase physical memory or swap space
#   Check if swap backing store is full
#   Decrease Java heap size (-Xmx/-Xms)
#   Decrease number of Java threads
#   Decrease Java thread stack sizes (-Xss)
#   Set larger code cache with -XX:ReservedCodeCacheSize=
#   JVM is running with Unscaled Compressed Oops mode in which the Java heap is
#     placed in the first 4GB address space. The Java Heap base address is the
#     maximum limit for the native heap growth. Please use -XX:HeapBaseMinAddress
#     to set the Java Heap base and to place the Java Heap above 4GB virtual address.
# This output file may be truncated or incomplete.
#
#  Out of Memory Error (virtualSpaceNode.cpp:110), pid=10572, tid=12932
#
# JRE version: Java(TM) SE Runtime Environment (19.0+36) (build 19+36-2238)
# Java VM: Java HotSpot(TM) 64-Bit Server VM (19+36-2238, mixed mode, sharing, tiered, compressed oops, compressed class ptrs, g1 gc, windows-amd64)
# No core dump will be written. Minidumps are not enabled by default on client versions of Windows
#

---------------  S U M M A R Y ------------

Command Line: -Dfile.encoding=UTF-8 --module-path=C:\Users\Gertrude\OneDrive\Desktop\FamilySaving\build\classes Family.Children

Host: Intel(R) Core(TM) i5-1035G1 CPU @ 1.00GHz, 8 cores, 7G,  Windows 11 , 64 bit Build 22621 (10.0.22621.1344)
Time: Fri Apr 14 11:50:46 2023 Egypt Standard Time elapsed time: 0.287758 seconds (0d 0h 0m 0s)

---------------  T H R E A D  ---------------

Current thread (0x000001a8767886a0):  JavaThread "main" [_thread_in_vm, id=12932, stack(0x000000327da00000,0x000000327db00000)]

Stack: [0x000000327da00000,0x000000327db00000]
Native frames: (J=compiled Java code, j=interpreted, Vv=VM code, C=native code)
V  [jvm.dll+0x6ee8fa]
V  [jvm.dll+0x857a1e]
V  [jvm.dll+0x85940e]
V  [jvm.dll+0x859ac3]
V  [jvm.dll+0x28291f]
V  [jvm.dll+0x85369b]
V  [jvm.dll+0x693276]
V  [jvm.dll+0x6932da]
V  [jvm.dll+0x695bd3]
V  [jvm.dll+0x695a9e]
V  [jvm.dll+0x693c9e]
V  [jvm.dll+0x26f4e1]
V  [jvm.dll+0x21e927]
V  [jvm.dll+0x214571]
V  [jvm.dll+0x5aa2d6]
V  [jvm.dll+0x22567a]
V  [jvm.dll+0x7ccb72]
V  [jvm.dll+0x7cdfba]
V  [jvm.dll+0x7ce2e8]
V  [jvm.dll+0x271d6b]
V  [jvm.dll+0x3da3de]
C  0x000001a80755dc07

Java frames: (J=compiled Java code, j=interpreted, Vv=VM code)
j  javax.swing.plaf.nimbus.NimbusDefaults.initializeDefaults(Ljavax/swing/UIDefaults;)V+9183 java.desktop@19
j  javax.swing.plaf.nimbus.NimbusLookAndFeel.getDefaults()Ljavax/swing/UIDefaults;+49 java.desktop@19
j  javax.swing.UIManager.setLookAndFeel(Ljavax/swing/LookAndFeel;)V+66 java.desktop@19
j  javax.swing.UIManager.setLookAndFeel(Ljava/lang/String;)V+34 java.desktop@19
j  Family.Children.main([Ljava/lang/String;)V+38
v  ~StubRoutines::call_stub 0x000001a8075310e8

---------------  P R O C E S S  ---------------

Threads class SMR info:
_java_thread_list=0x000001a8192cc990, length=16, elements={
0x000001a8767886a0, 0x000001a87f984250, 0x000001a87f984b80, 0x000001a87f987400,
0x000001a87f988090, 0x000001a87f9889c0, 0x000001a87f989a90, 0x000001a87f98deb0,
0x000001a87f99a0c0, 0x000001a87f99b1d0, 0x000001a87f958240, 0x000001a8191b2ca0,
0x000001a81927b070, 0x000001a8192e05e0, 0x000001a8193064f0, 0x000001a819306a30
}

Java Threads: ( => current thread )
=>0x000001a8767886a0 JavaThread "main" [_thread_in_vm, id=12932, stack(0x000000327da00000,0x000000327db00000)]
  0x000001a87f984250 JavaThread "Reference Handler" daemon [_thread_blocked, id=3848, stack(0x000000327e100000,0x000000327e200000)]
  0x000001a87f984b80 JavaThread "Finalizer" daemon [_thread_blocked, id=2764, stack(0x000000327e200000,0x000000327e300000)]
  0x000001a87f987400 JavaThread "Signal Dispatcher" daemon [_thread_blocked, id=7576, stack(0x000000327e300000,0x000000327e400000)]
  0x000001a87f988090 JavaThread "Attach Listener" daemon [_thread_blocked, id=13640, stack(0x000000327e400000,0x000000327e500000)]
  0x000001a87f9889c0 JavaThread "Service Thread" daemon [_thread_blocked, id=18572, stack(0x000000327e500000,0x000000327e600000)]
  0x000001a87f989a90 JavaThread "Monitor Deflation Thread" daemon [_thread_blocked, id=14476, stack(0x000000327e600000,0x000000327e700000)]
  0x000001a87f98deb0 JavaThread "C2 CompilerThread0" daemon [_thread_blocked, id=19532, stack(0x000000327e700000,0x000000327e800000)]
  0x000001a87f99a0c0 JavaThread "C1 CompilerThread0" daemon [_thread_blocked, id=13532, stack(0x000000327e800000,0x000000327e900000)]
  0x000001a87f99b1d0 JavaThread "Sweeper thread" daemon [_thread_blocked, id=12836, stack(0x000000327e900000,0x000000327ea00000)]
  0x000001a87f958240 JavaThread "Common-Cleaner" daemon [_thread_blocked, id=15976, stack(0x000000327ea00000,0x000000327eb00000)]
  0x000001a8191b2ca0 JavaThread "Notification Thread" daemon [_thread_blocked, id=15480, stack(0x000000327eb00000,0x000000327ec00000)]
  0x000001a81927b070 JavaThread "C2 CompilerThread1" daemon [_thread_blocked, id=10560, stack(0x000000327ed00000,0x000000327ee00000)]
  0x000001a8192e05e0 JavaThread "Java2D Disposer" daemon [_thread_blocked, id=17912, stack(0x000000327ee00000,0x000000327ef00000)]
  0x000001a8193064f0 JavaThread "AWT-Shutdown" [_thread_blocked, id=20044, stack(0x000000327ef00000,0x000000327f000000)]
  0x000001a819306a30 JavaThread "AWT-Windows" daemon [_thread_in_native, id=20376, stack(0x000000327f000000,0x000000327f100000)]

Other Threads:
  0x000001a87f9669b0 VMThread "VM Thread" [stack: 0x000000327e000000,0x000000327e100000] [id=16692]
  0x000001a8191b31e0 WatcherThread "VM Periodic Task Thread" [stack: 0x000000327ec00000,0x000000327ed00000] [id=10448]
  0x000001a8767e6fd0 WorkerThread "GC Thread#0" [stack: 0x000000327db00000,0x000000327dc00000] [id=17372]
  0x000001a8768166d0 ConcurrentGCThread "G1 Main Marker" [stack: 0x000000327dc00000,0x000000327dd00000] [id=5312]
  0x000001a876816f10 WorkerThread "G1 Conc#0" [stack: 0x000000327dd00000,0x000000327de00000] [id=13728]
  0x000001a87684e6c0 ConcurrentGCThread "G1 Refine#0" [stack: 0x000000327de00000,0x000000327df00000] [id=14136]
  0x000001a87f826080 ConcurrentGCThread "G1 Service" [stack: 0x000000327df00000,0x000000327e000000] [id=18220]

Threads with active compile tasks:

VM state: not at safepoint (normal execution)

VM Mutex/Monitor currently owned by a thread:  ([mutex/lock_event])
[0x000001a876781b10] Metaspace_lock - owner thread: 0x000001a8767886a0

Heap address: 0x0000000086600000, size: 1946 MB, Compressed Oops mode: 32-bit

CDS archive(s) mapped at: [0x0000000800000000-0x0000000800c40000-0x0000000800c40000), size 12845056, SharedBaseAddress: 0x0000000800000000, ArchiveRelocationMode: 0.
Compressed class space mapped at: 0x0000000801000000-0x0000000841000000, reserved size: 1073741824
Narrow klass base: 0x0000000800000000, Narrow klass shift: 0, Narrow klass range: 0x100000000

GC Precious Log:
 CardTable entry size: 512
 Card Set container configuration: InlinePtr #cards 5 size 8 Array Of Cards #cards 12 size 40 Howl #buckets 4 coarsen threshold 1843 Howl Bitmap #cards 512 size 80 coarsen threshold 460 Card regions per heap region 1 cards per card region 2048
 CPUs: 8 total, 8 available
 Memory: 7778M
 Large Page Support: Disabled
 NUMA Support: Disabled
 Compressed Oops: Enabled (32-bit)
 Heap Region Size: 1M
 Heap Min Capacity: 8M
 Heap Initial Capacity: 122M
 Heap Max Capacity: 1946M
 Pre-touch: Disabled
 Parallel Workers: 8
 Concurrent Workers: 2
 Concurrent Refinement Workers: 8
 Periodic GC: Disabled

Heap:
 garbage-first heap   total 124928K, used 5120K [0x0000000086600000, 0x0000000100000000)
  region size 1024K, 6 young (6144K), 0 survivors (0K)
 Metaspace       used 5594K, committed 5760K, reserved 1114112K
  class space    used 637K, committed 704K, reserved 1048576K

Heap Regions: E=young(eden), S=young(survivor), O=old, HS=humongous(starts), HC=humongous(continues), CS=collection set, F=free, OA=open archive, CA=closed archive, TAMS=top-at-mark-start (previous, next)
|   0|0x0000000086600000, 0x0000000086600000, 0x0000000086700000|  0%| F|  |TAMS 0x0000000086600000, 0x0000000086600000| Untracked 
|   1|0x0000000086700000, 0x0000000086700000, 0x0000000086800000|  0%| F|  |TAMS 0x0000000086700000, 0x0000000086700000| Untracked 
|   2|0x0000000086800000, 0x0000000086800000, 0x0000000086900000|  0%| F|  |TAMS 0x0000000086800000, 0x0000000086800000| Untracked 
|   3|0x0000000086900000, 0x0000000086900000, 0x0000000086a00000|  0%| F|  |TAMS 0x0000000086900000, 0x0000000086900000| Untracked 
|   4|0x0000000086a00000, 0x0000000086a00000, 0x0000000086b00000|  0%| F|  |TAMS 0x0000000086a00000, 0x0000000086a00000| Untracked 
|   5|0x0000000086b00000, 0x0000000086b00000, 0x0000000086c00000|  0%| F|  |TAMS 0x0000000086b00000, 0x0000000086b00000| Untracked 
|   6|0x0000000086c00000, 0x0000000086c00000, 0x0000000086d00000|  0%| F|  |TAMS 0x0000000086c00000, 0x0000000086c00000| Untracked 
|   7|0x0000000086d00000, 0x0000000086d00000, 0x0000000086e00000|  0%| F|  |TAMS 0x0000000086d00000, 0x0000000086d00000| Untracked 
|   8|0x0000000086e00000, 0x0000000086e00000, 0x0000000086f00000|  0%| F|  |TAMS 0x0000000086e00000, 0x0000000086e00000| Untracked 
|   9|0x0000000086f00000, 0x0000000086f00000, 0x0000000087000000|  0%| F|  |TAMS 0x0000000086f00000, 0x0000000086f00000| Untracked 
|  10|0x0000000087000000, 0x0000000087000000, 0x0000000087100000|  0%| F|  |TAMS 0x0000000087000000, 0x0000000087000000| Untracked 
|  11|0x0000000087100000, 0x0000000087100000, 0x0000000087200000|  0%| F|  |TAMS 0x0000000087100000, 0x0000000087100000| Untracked 
|  12|0x0000000087200000, 0x0000000087200000, 0x0000000087300000|  0%| F|  |TAMS 0x0000000087200000, 0x0000000087200000| Untracked 
|  13|0x0000000087300000, 0x0000000087300000, 0x0000000087400000|  0%| F|  |TAMS 0x0000000087300000, 0x0000000087300000| Untracked 
|  14|0x0000000087400000, 0x0000000087400000, 0x0000000087500000|  0%| F|  |TAMS 0x0000000087400000, 0x0000000087400000| Untracked 
|  15|0x0000000087500000, 0x0000000087500000, 0x0000000087600000|  0%| F|  |TAMS 0x0000000087500000, 0x0000000087500000| Untracked 
|  16|0x0000000087600000, 0x0000000087600000, 0x0000000087700000|  0%| F|  |TAMS 0x0000000087600000, 0x0000000087600000| Untracked 
|  17|0x0000000087700000, 0x0000000087700000, 0x0000000087800000|  0%| F|  |TAMS 0x0000000087700000, 0x0000000087700000| Untracked 
|  18|0x0000000087800000, 0x0000000087800000, 0x0000000087900000|  0%| F|  |TAMS 0x0000000087800000, 0x0000000087800000| Untracked 
|  19|0x0000000087900000, 0x0000000087900000, 0x0000000087a00000|  0%| F|  |TAMS 0x0000000087900000, 0x0000000087900000| Untracked 
|  20|0x0000000087a00000, 0x0000000087a00000, 0x0000000087b00000|  0%| F|  |TAMS 0x0000000087a00000, 0x0000000087a00000| Untracked 
|  21|0x0000000087b00000, 0x0000000087b00000, 0x0000000087c00000|  0%| F|  |TAMS 0x0000000087b00000, 0x0000000087b00000| Untracked 
|  22|0x0000000087c00000, 0x0000000087c00000, 0x0000000087d00000|  0%| F|  |TAMS 0x0000000087c00000, 0x0000000087c00000| Untracked 
|  23|0x0000000087d00000, 0x0000000087d00000, 0x0000000087e00000|  0%| F|  |TAMS 0x0000000087d00000, 0x0000000087d00000| Untracked 
|  24|0x0000000087e00000, 0x0000000087e00000, 0x0000000087f00000|  0%| F|  |TAMS 0x0000000087e00000, 0x0000000087e00000| Untracked 
|  25|0x0000000087f00000, 0x0000000087f00000, 0x0000000088000000|  0%| F|  |TAMS 0x0000000087f00000, 0x0000000087f00000| Untracked 
|  26|0x0000000088000000, 0x0000000088000000, 0x0000000088100000|  0%| F|  |TAMS 0x0000000088000000, 0x0000000088000000| Untracked 
|  27|0x0000000088100000, 0x0000000088100000, 0x0000000088200000|  0%| F|  |TAMS 0x0000000088100000, 0x0000000088100000| Untracked 
|  28|0x0000000088200000, 0x0000000088200000, 0x0000000088300000|  0%| F|  |TAMS 0x0000000088200000, 0x0000000088200000| Untracked 
|  29|0x0000000088300000, 0x0000000088300000, 0x0000000088400000|  0%| F|  |TAMS 0x0000000088300000, 0x0000000088300000| Untracked 
|  30|0x0000000088400000, 0x0000000088400000, 0x0000000088500000|  0%| F|  |TAMS 0x0000000088400000, 0x0000000088400000| Untracked 
|  31|0x0000000088500000, 0x0000000088500000, 0x0000000088600000|  0%| F|  |TAMS 0x0000000088500000, 0x0000000088500000| Untracked 
|  32|0x0000000088600000, 0x0000000088600000, 0x0000000088700000|  0%| F|  |TAMS 0x0000000088600000, 0x0000000088600000| Untracked 
|  33|0x0000000088700000, 0x0000000088700000, 0x0000000088800000|  0%| F|  |TAMS 0x0000000088700000, 0x0000000088700000| Untracked 
|  34|0x0000000088800000, 0x0000000088800000, 0x0000000088900000|  0%| F|  |TAMS 0x0000000088800000, 0x0000000088800000| Untracked 
|  35|0x0000000088900000, 0x0000000088900000, 0x0000000088a00000|  0%| F|  |TAMS 0x0000000088900000, 0x0000000088900000| Untracked 
|  36|0x0000000088a00000, 0x0000000088a00000, 0x0000000088b00000|  0%| F|  |TAMS 0x0000000088a00000, 0x0000000088a00000| Untracked 
|  37|0x0000000088b00000, 0x0000000088b00000, 0x0000000088c00000|  0%| F|  |TAMS 0x0000000088b00000, 0x0000000088b00000| Untracked 
|  38|0x0000000088c00000, 0x0000000088c00000, 0x0000000088d00000|  0%| F|  |TAMS 0x0000000088c00000, 0x0000000088c00000| Untracked 
|  39|0x0000000088d00000, 0x0000000088d00000, 0x0000000088e00000|  0%| F|  |TAMS 0x0000000088d00000, 0x0000000088d00000| Untracked 
|  40|0x0000000088e00000, 0x0000000088e00000, 0x0000000088f00000|  0%| F|  |TAMS 0x0000000088e00000, 0x0000000088e00000| Untracked 
|  41|0x0000000088f00000, 0x0000000088f00000, 0x0000000089000000|  0%| F|  |TAMS 0x0000000088f00000, 0x0000000088f00000| Untracked 
|  42|0x0000000089000000, 0x0000000089000000, 0x0000000089100000|  0%| F|  |TAMS 0x0000000089000000, 0x0000000089000000| Untracked 
|  43|0x0000000089100000, 0x0000000089100000, 0x0000000089200000|  0%| F|  |TAMS 0x0000000089100000, 0x0000000089100000| Untracked 
|  44|0x0000000089200000, 0x0000000089200000, 0x0000000089300000|  0%| F|  |TAMS 0x0000000089200000, 0x0000000089200000| Untracked 
|  45|0x0000000089300000, 0x0000000089300000, 0x0000000089400000|  0%| F|  |TAMS 0x0000000089300000, 0x0000000089300000| Untracked 
|  46|0x0000000089400000, 0x0000000089400000, 0x0000000089500000|  0%| F|  |TAMS 0x0000000089400000, 0x0000000089400000| Untracked 
|  47|0x0000000089500000, 0x0000000089500000, 0x0000000089600000|  0%| F|  |TAMS 0x0000000089500000, 0x0000000089500000| Untracked 
|  48|0x0000000089600000, 0x0000000089600000, 0x0000000089700000|  0%| F|  |TAMS 0x0000000089600000, 0x0000000089600000| Untracked 
|  49|0x0000000089700000, 0x0000000089700000, 0x0000000089800000|  0%| F|  |TAMS 0x0000000089700000, 0x0000000089700000| Untracked 
|  50|0x0000000089800000, 0x0000000089800000, 0x0000000089900000|  0%| F|  |TAMS 0x0000000089800000, 0x0000000089800000| Untracked 
|  51|0x0000000089900000, 0x0000000089900000, 0x0000000089a00000|  0%| F|  |TAMS 0x0000000089900000, 0x0000000089900000| Untracked 
|  52|0x0000000089a00000, 0x0000000089a00000, 0x0000000089b00000|  0%| F|  |TAMS 0x0000000089a00000, 0x0000000089a00000| Untracked 
|  53|0x0000000089b00000, 0x0000000089b00000, 0x0000000089c00000|  0%| F|  |TAMS 0x0000000089b00000, 0x0000000089b00000| Untracked 
|  54|0x0000000089c00000, 0x0000000089c00000, 0x0000000089d00000|  0%| F|  |TAMS 0x0000000089c00000, 0x0000000089c00000| Untracked 
|  55|0x0000000089d00000, 0x0000000089d00000, 0x0000000089e00000|  0%| F|  |TAMS 0x0000000089d00000, 0x0000000089d00000| Untracked 
|  56|0x0000000089e00000, 0x0000000089e00000, 0x0000000089f00000|  0%| F|  |TAMS 0x0000000089e00000, 0x0000000089e00000| Untracked 
|  57|0x0000000089f00000, 0x0000000089f00000, 0x000000008a000000|  0%| F|  |TAMS 0x0000000089f00000, 0x0000000089f00000| Untracked 
|  58|0x000000008a000000, 0x000000008a000000, 0x000000008a100000|  0%| F|  |TAMS 0x000000008a000000, 0x000000008a000000| Untracked 
|  59|0x000000008a100000, 0x000000008a100000, 0x000000008a200000|  0%| F|  |TAMS 0x000000008a100000, 0x000000008a100000| Untracked 
|  60|0x000000008a200000, 0x000000008a200000, 0x000000008a300000|  0%| F|  |TAMS 0x000000008a200000, 0x000000008a200000| Untracked 
|  61|0x000000008a300000, 0x000000008a300000, 0x000000008a400000|  0%| F|  |TAMS 0x000000008a300000, 0x000000008a300000| Untracked 
|  62|0x000000008a400000, 0x000000008a400000, 0x000000008a500000|  0%| F|  |TAMS 0x000000008a400000, 0x000000008a400000| Untracked 
|  63|0x000000008a500000, 0x000000008a500000, 0x000000008a600000|  0%| F|  |TAMS 0x000000008a500000, 0x000000008a500000| Untracked 
|  64|0x000000008a600000, 0x000000008a600000, 0x000000008a700000|  0%| F|  |TAMS 0x000000008a600000, 0x000000008a600000| Untracked 
|  65|0x000000008a700000, 0x000000008a700000, 0x000000008a800000|  0%| F|  |TAMS 0x000000008a700000, 0x000000008a700000| Untracked 
|  66|0x000000008a800000, 0x000000008a800000, 0x000000008a900000|  0%| F|  |TAMS 0x000000008a800000, 0x000000008a800000| Untracked 
|  67|0x000000008a900000, 0x000000008a900000, 0x000000008aa00000|  0%| F|  |TAMS 0x000000008a900000, 0x000000008a900000| Untracked 
|  68|0x000000008aa00000, 0x000000008aa00000, 0x000000008ab00000|  0%| F|  |TAMS 0x000000008aa00000, 0x000000008aa00000| Untracked 
|  69|0x000000008ab00000, 0x000000008ab00000, 0x000000008ac00000|  0%| F|  |TAMS 0x000000008ab00000, 0x000000008ab00000| Untracked 
|  70|0x000000008ac00000, 0x000000008ac00000, 0x000000008ad00000|  0%| F|  |TAMS 0x000000008ac00000, 0x000000008ac00000| Untracked 
|  71|0x000000008ad00000, 0x000000008ad00000, 0x000000008ae00000|  0%| F|  |TAMS 0x000000008ad00000, 0x000000008ad00000| Untracked 
|  72|0x000000008ae00000, 0x000000008ae00000, 0x000000008af00000|  0%| F|  |TAMS 0x000000008ae00000, 0x000000008ae00000| Untracked 
|  73|0x000000008af00000, 0x000000008af00000, 0x000000008b000000|  0%| F|  |TAMS 0x000000008af00000, 0x000000008af00000| Untracked 
|  74|0x000000008b000000, 0x000000008b000000, 0x000000008b100000|  0%| F|  |TAMS 0x000000008b000000, 0x000000008b000000| Untracked 
|  75|0x000000008b100000, 0x000000008b100000, 0x000000008b200000|  0%| F|  |TAMS 0x000000008b100000, 0x000000008b100000| Untracked 
|  76|0x000000008b200000, 0x000000008b200000, 0x000000008b300000|  0%| F|  |TAMS 0x000000008b200000, 0x000000008b200000| Untracked 
|  77|0x000000008b300000, 0x000000008b300000, 0x000000008b400000|  0%| F|  |TAMS 0x000000008b300000, 0x000000008b300000| Untracked 
|  78|0x000000008b400000, 0x000000008b400000, 0x000000008b500000|  0%| F|  |TAMS 0x000000008b400000, 0x000000008b400000| Untracked 
|  79|0x000000008b500000, 0x000000008b500000, 0x000000008b600000|  0%| F|  |TAMS 0x000000008b500000, 0x000000008b500000| Untracked 
|  80|0x000000008b600000, 0x000000008b600000, 0x000000008b700000|  0%| F|  |TAMS 0x000000008b600000, 0x000000008b600000| Untracked 
|  81|0x000000008b700000, 0x000000008b700000, 0x000000008b800000|  0%| F|  |TAMS 0x000000008b700000, 0x000000008b700000| Untracked 
|  82|0x000000008b800000, 0x000000008b800000, 0x000000008b900000|  0%| F|  |TAMS 0x000000008b800000, 0x000000008b800000| Untracked 
|  83|0x000000008b900000, 0x000000008b900000, 0x000000008ba00000|  0%| F|  |TAMS 0x000000008b900000, 0x000000008b900000| Untracked 
|  84|0x000000008ba00000, 0x000000008ba00000, 0x000000008bb00000|  0%| F|  |TAMS 0x000000008ba00000, 0x000000008ba00000| Untracked 
|  85|0x000000008bb00000, 0x000000008bb00000, 0x000000008bc00000|  0%| F|  |TAMS 0x000000008bb00000, 0x000000008bb00000| Untracked 
|  86|0x000000008bc00000, 0x000000008bc00000, 0x000000008bd00000|  0%| F|  |TAMS 0x000000008bc00000, 0x000000008bc00000| Untracked 
|  87|0x000000008bd00000, 0x000000008bd00000, 0x000000008be00000|  0%| F|  |TAMS 0x000000008bd00000, 0x000000008bd00000| Untracked 
|  88|0x000000008be00000, 0x000000008be00000, 0x000000008bf00000|  0%| F|  |TAMS 0x000000008be00000, 0x000000008be00000| Untracked 
|  89|0x000000008bf00000, 0x000000008bf00000, 0x000000008c000000|  0%| F|  |TAMS 0x000000008bf00000, 0x000000008bf00000| Untracked 
|  90|0x000000008c000000, 0x000000008c000000, 0x000000008c100000|  0%| F|  |TAMS 0x000000008c000000, 0x000000008c000000| Untracked 
|  91|0x000000008c100000, 0x000000008c100000, 0x000000008c200000|  0%| F|  |TAMS 0x000000008c100000, 0x000000008c100000| Untracked 
|  92|0x000000008c200000, 0x000000008c200000, 0x000000008c300000|  0%| F|  |TAMS 0x000000008c200000, 0x000000008c200000| Untracked 
|  93|0x000000008c300000, 0x000000008c300000, 0x000000008c400000|  0%| F|  |TAMS 0x000000008c300000, 0x000000008c300000| Untracked 
|  94|0x000000008c400000, 0x000000008c400000, 0x000000008c500000|  0%| F|  |TAMS 0x000000008c400000, 0x000000008c400000| Untracked 
|  95|0x000000008c500000, 0x000000008c500000, 0x000000008c600000|  0%| F|  |TAMS 0x000000008c500000, 0x000000008c500000| Untracked 
|  96|0x000000008c600000, 0x000000008c600000, 0x000000008c700000|  0%| F|  |TAMS 0x000000008c600000, 0x000000008c600000| Untracked 
|  97|0x000000008c700000, 0x000000008c700000, 0x000000008c800000|  0%| F|  |TAMS 0x000000008c700000, 0x000000008c700000| Untracked 
|  98|0x000000008c800000, 0x000000008c800000, 0x000000008c900000|  0%| F|  |TAMS 0x000000008c800000, 0x000000008c800000| Untracked 
|  99|0x000000008c900000, 0x000000008c900000, 0x000000008ca00000|  0%| F|  |TAMS 0x000000008c900000, 0x000000008c900000| Untracked 
| 100|0x000000008ca00000, 0x000000008ca00000, 0x000000008cb00000|  0%| F|  |TAMS 0x000000008ca00000, 0x000000008ca00000| Untracked 
| 101|0x000000008cb00000, 0x000000008cb00000, 0x000000008cc00000|  0%| F|  |TAMS 0x000000008cb00000, 0x000000008cb00000| Untracked 
| 102|0x000000008cc00000, 0x000000008cc00000, 0x000000008cd00000|  0%| F|  |TAMS 0x000000008cc00000, 0x000000008cc00000| Untracked 
| 103|0x000000008cd00000, 0x000000008cd00000, 0x000000008ce00000|  0%| F|  |TAMS 0x000000008cd00000, 0x000000008cd00000| Untracked 
| 104|0x000000008ce00000, 0x000000008ce00000, 0x000000008cf00000|  0%| F|  |TAMS 0x000000008ce00000, 0x000000008ce00000| Untracked 
| 105|0x000000008cf00000, 0x000000008cf00000, 0x000000008d000000|  0%| F|  |TAMS 0x000000008cf00000, 0x000000008cf00000| Untracked 
| 106|0x000000008d000000, 0x000000008d000000, 0x000000008d100000|  0%| F|  |TAMS 0x000000008d000000, 0x000000008d000000| Untracked 
| 107|0x000000008d100000, 0x000000008d100000, 0x000000008d200000|  0%| F|  |TAMS 0x000000008d100000, 0x000000008d100000| Untracked 
| 108|0x000000008d200000, 0x000000008d200000, 0x000000008d300000|  0%| F|  |TAMS 0x000000008d200000, 0x000000008d200000| Untracked 
| 109|0x000000008d300000, 0x000000008d300000, 0x000000008d400000|  0%| F|  |TAMS 0x000000008d300000, 0x000000008d300000| Untracked 
| 110|0x000000008d400000, 0x000000008d400000, 0x000000008d500000|  0%| F|  |TAMS 0x000000008d400000, 0x000000008d400000| Untracked 
| 111|0x000000008d500000, 0x000000008d500000, 0x000000008d600000|  0%| F|  |TAMS 0x000000008d500000, 0x000000008d500000| Untracked 
| 112|0x000000008d600000, 0x000000008d600000, 0x000000008d700000|  0%| F|  |TAMS 0x000000008d600000, 0x000000008d600000| Untracked 
| 113|0x000000008d700000, 0x000000008d700000, 0x000000008d800000|  0%| F|  |TAMS 0x000000008d700000, 0x000000008d700000| Untracked 
| 114|0x000000008d800000, 0x000000008d800000, 0x000000008d900000|  0%| F|  |TAMS 0x000000008d800000, 0x000000008d800000| Untracked 
| 115|0x000000008d900000, 0x000000008d900000, 0x000000008da00000|  0%| F|  |TAMS 0x000000008d900000, 0x000000008d900000| Untracked 
| 116|0x000000008da00000, 0x000000008daec0a0, 0x000000008db00000| 92%| E|  |TAMS 0x000000008da00000, 0x000000008da00000| Complete 
| 117|0x000000008db00000, 0x000000008dc00000, 0x000000008dc00000|100%| E|CS|TAMS 0x000000008db00000, 0x000000008db00000| Complete 
| 118|0x000000008dc00000, 0x000000008dd00000, 0x000000008dd00000|100%| E|CS|TAMS 0x000000008dc00000, 0x000000008dc00000| Complete 
| 119|0x000000008dd00000, 0x000000008de00000, 0x000000008de00000|100%| E|CS|TAMS 0x000000008dd00000, 0x000000008dd00000| Complete 
| 120|0x000000008de00000, 0x000000008df00000, 0x000000008df00000|100%| E|CS|TAMS 0x000000008de00000, 0x000000008de00000| Complete 
| 121|0x000000008df00000, 0x000000008e000000, 0x000000008e000000|100%| E|CS|TAMS 0x000000008df00000, 0x000000008df00000| Complete 

Card table byte_map: [0x000001a87ede0000,0x000001a87f1b0000] _byte_map_base: 0x000001a87e9ad000

Marking Bits (Prev, Next): (CMBitMap*) 0x000001a8767ea430, (CMBitMap*) 0x000001a8767ea470
 Prev Bits: [0x000001a80f000000, 0x000001a810e68000)
 Next Bits: [0x000001a810e70000, 0x000001a812cd8000)

Polling page: 0x000001a875f50000

Metaspace:

Usage:
  Non-class:      4.84 MB used.
      Class:    637.26 KB used.
       Both:      5.46 MB used.

Virtual space:
  Non-class space:       64.00 MB reserved,       4.94 MB (  8%) committed,  1 nodes.
      Class space:        1.00 GB reserved,     704.00 KB ( <1%) committed,  1 nodes.
             Both:        1.06 GB reserved,       5.62 MB ( <1%) committed. 

Chunk freelists:
   Non-Class:  2.87 MB
       Class:  3.25 MB
        Both:  6.12 MB

MaxMetaspaceSize: unlimited
CompressedClassSpaceSize: 1.00 GB
Initial GC threshold: 21.00 MB
Current GC threshold: 21.00 MB
CDS: on
MetaspaceReclaimPolicy: balanced
 - commit_granule_bytes: 65536.
 - commit_granule_words: 8192.
 - virtual_space_node_default_size: 8388608.
 - enlarge_chunks_in_place: 1.
 - new_chunks_are_fully_committed: 0.
 - uncommit_free_chunks: 1.
 - use_allocation_guard: 0.


Internal statistics:

num_allocs_failed_limit: 0.
num_arena_births: 110.
num_arena_deaths: 0.
num_vsnodes_births: 2.
num_vsnodes_deaths: 0.
num_space_committed: 90.
num_space_uncommitted: 0.
num_chunks_returned_to_freelist: 0.
num_chunks_taken_from_freelist: 117.
num_chunk_merges: 0.
num_chunk_splits: 82.
num_chunks_enlarged: 55.
num_inconsistent_stats: 0.

CodeHeap 'non-profiled nmethods': size=120000Kb used=166Kb max_used=166Kb free=119834Kb
 bounds [0x000001a807ad0000, 0x000001a807d40000, 0x000001a80f000000]
CodeHeap 'profiled nmethods': size=120000Kb used=790Kb max_used=790Kb free=119209Kb
 bounds [0x000001a800000000, 0x000001a800270000, 0x000001a807530000]
CodeHeap 'non-nmethods': size=5760Kb used=1312Kb max_used=1326Kb free=4448Kb
 bounds [0x000001a807530000, 0x000001a8077a0000, 0x000001a807ad0000]
 total_blobs=1100 nmethods=576 adapters=435
 compilation: enabled
              stopped_count=0, restarted_count=0
 full_count=0

Compilation events (20 events):
Event: 0.271 Thread 0x000001a87f99a0c0 nmethod 566 0x000001a8000c1510 code [0x000001a8000c16c0, 0x000001a8000c1898]
Event: 0.275 Thread 0x000001a87f99a0c0  567       3       java.lang.String::endsWith (15 bytes)
Event: 0.275 Thread 0x000001a87f99a0c0 nmethod 567 0x000001a8000c1990 code [0x000001a8000c1b60, 0x000001a8000c1ea8]
Event: 0.278 Thread 0x000001a87f99a0c0  568       3       java.lang.ref.Reference::<init> (7 bytes)
Event: 0.278 Thread 0x000001a87f99a0c0 nmethod 568 0x000001a8000c2090 code [0x000001a8000c2240, 0x000001a8000c24f8]
Event: 0.279 Thread 0x000001a81927b070  569       4       java.lang.StringLatin1::replace (198 bytes)
Event: 0.279 Thread 0x000001a87f99a0c0  570       3       sun.util.ResourceBundleEnumeration::hasMoreElements (117 bytes)
Event: 0.280 Thread 0x000001a87f99a0c0 nmethod 570 0x000001a8000c2610 code [0x000001a8000c2840, 0x000001a8000c3308]
Event: 0.280 Thread 0x000001a87f99a0c0  571       3       java.lang.Float::isNaN (12 bytes)
Event: 0.280 Thread 0x000001a87f99a0c0 nmethod 571 0x000001a8000c3510 code [0x000001a8000c36a0, 0x000001a8000c3818]
Event: 0.280 Thread 0x000001a87f99a0c0  572       3       java.lang.Float::floatToIntBits (15 bytes)
Event: 0.280 Thread 0x000001a87f99a0c0 nmethod 572 0x000001a8000c3890 code [0x000001a8000c3a40, 0x000001a8000c3c98]
Event: 0.280 Thread 0x000001a87f99a0c0  573       3       java.lang.Enum::<init> (15 bytes)
Event: 0.280 Thread 0x000001a87f99a0c0 nmethod 573 0x000001a8000c3d90 code [0x000001a8000c3f40, 0x000001a8000c40f8]
Event: 0.281 Thread 0x000001a87f99a0c0  574       3       java.lang.Float::compare (46 bytes)
Event: 0.281 Thread 0x000001a87f99a0c0 nmethod 574 0x000001a8000c4190 code [0x000001a8000c4380, 0x000001a8000c4998]
Event: 0.281 Thread 0x000001a87f99a0c0  575       3       javax.swing.UIDefaults::firePropertyChange (18 bytes)
Event: 0.281 Thread 0x000001a87f99a0c0 nmethod 575 0x000001a8000c4b10 code [0x000001a8000c4cc0, 0x000001a8000c4ec8]
Event: 0.281 Thread 0x000001a87f99a0c0  576       3       javax.swing.UIDefaults::put (38 bytes)
Event: 0.281 Thread 0x000001a87f99a0c0 nmethod 576 0x000001a8000c4f90 code [0x000001a8000c5180, 0x000001a8000c57a8]

GC Heap History (0 events):
No events

Dll operation events (9 events):
Event: 0.007 Loaded shared library C:\Program Files\Java\jdk-19\bin\java.dll
Event: 0.016 Loaded shared library C:\Program Files\Java\jdk-19\bin\jsvml.dll
Event: 0.080 Loaded shared library C:\Program Files\Java\jdk-19\bin\net.dll
Event: 0.083 Loaded shared library C:\Program Files\Java\jdk-19\bin\nio.dll
Event: 0.115 Loaded shared library C:\Program Files\Java\jdk-19\bin\zip.dll
Event: 0.131 Loaded shared library C:\Program Files\Java\jdk-19\bin\jimage.dll
Event: 0.144 Loaded shared library C:\Program Files\Java\jdk-19\bin\awt.dll
Event: 0.245 Loaded shared library C:\Program Files\Java\jdk-19\bin\freetype.dll
Event: 0.245 Loaded shared library C:\Program Files\Java\jdk-19\bin\fontmanager.dll

Deoptimization events (4 events):
Event: 0.204 Thread 0x000001a8767886a0 Uncommon trap: trap_request=0xffffff45 fr.pc=0x000001a807ae03bc relative=0x0000000000000a1c
Event: 0.204 Thread 0x000001a8767886a0 Uncommon trap: reason=unstable_if action=reinterpret pc=0x000001a807ae03bc method=java.util.HashMap.putVal(ILjava/lang/Object;Ljava/lang/Object;ZZ)Ljava/lang/Object; @ 236 c2
Event: 0.204 Thread 0x000001a8767886a0 DEOPT PACKING pc=0x000001a807ae03bc sp=0x000000327dafe270
Event: 0.204 Thread 0x000001a8767886a0 DEOPT UNPACKING pc=0x000001a80759a5a3 sp=0x000000327dafe228 mode 2

Classes loaded (20 events):
Event: 0.281 Loading class javax/swing/plaf/nimbus/ComboBoxEditableState done
Event: 0.281 Loading class javax/swing/plaf/nimbus/State$StandardState
Event: 0.281 Loading class javax/swing/plaf/nimbus/State$StandardState done
Event: 0.281 Loading class javax/swing/plaf/nimbus/ComboBoxArrowButtonEditableState
Event: 0.281 Loading class javax/swing/plaf/nimbus/ComboBoxArrowButtonEditableState done
Event: 0.281 Loading class javax/swing/plaf/nimbus/InternalFrameWindowFocusedState
Event: 0.281 Loading class javax/swing/plaf/nimbus/InternalFrameWindowFocusedState done
Event: 0.281 Loading class javax/swing/plaf/nimbus/InternalFrameTitlePaneWindowFocusedState
Event: 0.281 Loading class javax/swing/plaf/nimbus/InternalFrameTitlePaneWindowFocusedState done
Event: 0.281 Loading class javax/swing/plaf/nimbus/InternalFrameTitlePaneMenuButtonWindowNotFocusedState
Event: 0.281 Loading class javax/swing/plaf/nimbus/InternalFrameTitlePaneMenuButtonWindowNotFocusedState done
Event: 0.281 Loading class javax/swing/plaf/nimbus/InternalFrameTitlePaneIconifyButtonWindowNotFocusedState
Event: 0.281 Loading class javax/swing/plaf/nimbus/InternalFrameTitlePaneIconifyButtonWindowNotFocusedState done
Event: 0.281 Loading class javax/swing/plaf/nimbus/InternalFrameTitlePaneMaximizeButtonWindowNotFocusedState
Event: 0.281 Loading class javax/swing/plaf/nimbus/InternalFrameTitlePaneMaximizeButtonWindowNotFocusedState done
Event: 0.281 Loading class javax/swing/plaf/nimbus/InternalFrameTitlePaneMaximizeButtonWindowMaximizedState
Event: 0.281 Loading class javax/swing/plaf/nimbus/InternalFrameTitlePaneMaximizeButtonWindowMaximizedState done
Event: 0.281 Loading class javax/swing/plaf/nimbus/InternalFrameTitlePaneCloseButtonWindowNotFocusedState
Event: 0.281 Loading class javax/swing/plaf/nimbus/InternalFrameTitlePaneCloseButtonWindowNotFocusedState done
Event: 0.281 Loading class javax/swing/plaf/BorderUIResource

Classes unloaded (0 events):
No events

Classes redefined (0 events):
No events

Internal exceptions (20 events):
Event: 0.273 Thread 0x000001a8767886a0 Exception <a 'java/lang/ClassNotFoundException'{0x000000008da99860}: FormattedTextField> (0x000000008da99860) 
thrown [s\open\src\hotspot\share\classfile\systemDictionary.cpp, line 255]
Event: 0.274 Thread 0x000001a8767886a0 Exception <a 'java/lang/ClassNotFoundException'{0x000000008da99d40}: PasswordField> (0x000000008da99d40) 
thrown [s\open\src\hotspot\share\classfile\systemDictionary.cpp, line 255]
Event: 0.274 Thread 0x000001a8767886a0 Exception <a 'java/lang/ClassNotFoundException'{0x000000008da9a298}: TextArea> (0x000000008da9a298) 
thrown [s\open\src\hotspot\share\classfile\systemDictionary.cpp, line 255]
Event: 0.275 Thread 0x000001a8767886a0 Exception <a 'java/lang/ClassNotFoundException'{0x000000008da9abd8}: TextPane> (0x000000008da9abd8) 
thrown [s\open\src\hotspot\share\classfile\systemDictionary.cpp, line 255]
Event: 0.275 Thread 0x000001a8767886a0 Exception <a 'java/lang/ClassNotFoundException'{0x000000008da9b040}: EditorPane> (0x000000008da9b040) 
thrown [s\open\src\hotspot\share\classfile\systemDictionary.cpp, line 255]
Event: 0.275 Thread 0x000001a8767886a0 Exception <a 'java/lang/ClassNotFoundException'{0x000000008da9b9a0}: ToolBar> (0x000000008da9b9a0) 
thrown [s\open\src\hotspot\share\classfile\systemDictionary.cpp, line 255]
Event: 0.275 Thread 0x000001a8767886a0 Exception <a 'java/lang/ClassNotFoundException'{0x000000008da9be98}: ToolBar> (0x000000008da9be98) 
thrown [s\open\src\hotspot\share\classfile\systemDictionary.cpp, line 255]
Event: 0.275 Thread 0x000001a8767886a0 Exception <a 'java/lang/ClassNotFoundException'{0x000000008da9c1f8}: Button> (0x000000008da9c1f8) 
thrown [s\open\src\hotspot\share\classfile\systemDictionary.cpp, line 255]
Event: 0.275 Thread 0x000001a8767886a0 Exception <a 'java/lang/ClassNotFoundException'{0x000000008da9c6c0}: ToolBar> (0x000000008da9c6c0) 
thrown [s\open\src\hotspot\share\classfile\systemDictionary.cpp, line 255]
Event: 0.275 Thread 0x000001a8767886a0 Exception <a 'java/lang/ClassNotFoundException'{0x000000008da9ca30}: ToggleButton> (0x000000008da9ca30) 
thrown [s\open\src\hotspot\share\classfile\systemDictionary.cpp, line 255]
Event: 0.275 Thread 0x000001a8767886a0 Exception <a 'java/lang/ClassNotFoundException'{0x000000008da9ce70}: javax/swing/JToolBarSeparator> (0x000000008da9ce70) 
thrown [s\open\src\hotspot\share\classfile\systemDictionary.cpp, line 255]
Event: 0.275 Thread 0x000001a8767886a0 Exception <a 'java/lang/ClassNotFoundException'{0x000000008da9d180}: ToolBarSeparator> (0x000000008da9d180) 
thrown [s\open\src\hotspot\share\classfile\systemDictionary.cpp, line 255]
Event: 0.276 Thread 0x000001a8767886a0 Exception <a 'java/lang/ClassNotFoundException'{0x000000008da9d698}: ToolTip> (0x000000008da9d698) 
thrown [s\open\src\hotspot\share\classfile\systemDictionary.cpp, line 255]
Event: 0.277 Thread 0x000001a8767886a0 Exception <a 'java/lang/ClassNotFoundException'{0x000000008da9dfe8}: Tree> (0x000000008da9dfe8) 
thrown [s\open\src\hotspot\share\classfile\systemDictionary.cpp, line 255]
Event: 0.277 Thread 0x000001a8767886a0 Exception <a 'java/lang/ClassNotFoundException'{0x000000008da9e4e0}: Tree> (0x000000008da9e4e0) 
thrown [s\open\src\hotspot\share\classfile\systemDictionary.cpp, line 255]
Event: 0.277 Thread 0x000001a8767886a0 Exception <a 'java/lang/ClassNotFoundException'{0x000000008da9e850}: javax/swing/JTreeCell> (0x000000008da9e850) 
thrown [s\open\src\hotspot\share\classfile\systemDictionary.cpp, line 255]
Event: 0.277 Thread 0x000001a8767886a0 Exception <a 'java/lang/ClassNotFoundException'{0x000000008da9eb58}: TreeCell> (0x000000008da9eb58) 
thrown [s\open\src\hotspot\share\classfile\systemDictionary.cpp, line 255]
Event: 0.277 Thread 0x000001a8767886a0 Exception <a 'java/lang/ClassNotFoundException'{0x000000008da9f310}: RootPane> (0x000000008da9f310) 
thrown [s\open\src\hotspot\share\classfile\systemDictionary.cpp, line 255]
Event: 0.278 Thread 0x000001a8767886a0 Exception <a 'java/lang/ClassNotFoundException'{0x000000008daa2120}: com/sun/swing/internal/plaf/metal/resources/spi/metalProvider> (0x000000008daa2120) 
thrown [s\open\src\hotspot\share\classfile\systemDictionary.cpp, line 255]
Event: 0.279 Thread 0x000001a8767886a0 Exception <a 'java/lang/ClassNotFoundException'{0x000000008daa5e40}: com/sun/swing/internal/plaf/basic/resources/spi/basicProvider> (0x000000008daa5e40) 
thrown [s\open\src\hotspot\share\classfile\systemDictionary.cpp, line 255]

VM Operations (4 events):
Event: 0.092 Executing VM operation: HandshakeAllThreads
Event: 0.092 Executing VM operation: HandshakeAllThreads done
Event: 0.166 Executing VM operation: HandshakeAllThreads
Event: 0.166 Executing VM operation: HandshakeAllThreads done

Events (16 events):
Event: 0.016 Thread 0x000001a8767886a0 Thread added: 0x000001a8767886a0
Event: 0.027 Thread 0x000001a87f984250 Thread added: 0x000001a87f984250
Event: 0.027 Thread 0x000001a87f984b80 Thread added: 0x000001a87f984b80
Event: 0.027 Thread 0x000001a87f987400 Thread added: 0x000001a87f987400
Event: 0.027 Thread 0x000001a87f988090 Thread added: 0x000001a87f988090
Event: 0.027 Thread 0x000001a87f9889c0 Thread added: 0x000001a87f9889c0
Event: 0.027 Thread 0x000001a87f989a90 Thread added: 0x000001a87f989a90
Event: 0.027 Thread 0x000001a87f98deb0 Thread added: 0x000001a87f98deb0
Event: 0.027 Thread 0x000001a87f99a0c0 Thread added: 0x000001a87f99a0c0
Event: 0.027 Thread 0x000001a87f99b1d0 Thread added: 0x000001a87f99b1d0
Event: 0.058 Thread 0x000001a87f958240 Thread added: 0x000001a87f958240
Event: 0.107 Thread 0x000001a8191b2ca0 Thread added: 0x000001a8191b2ca0
Event: 0.112 Thread 0x000001a81927b070 Thread added: 0x000001a81927b070
Event: 0.187 Thread 0x000001a8192e05e0 Thread added: 0x000001a8192e05e0
Event: 0.188 Thread 0x000001a8193064f0 Thread added: 0x000001a8193064f0
Event: 0.189 Thread 0x000001a819306a30 Thread added: 0x000001a819306a30


Dynamic libraries:
0x00007ff6b9d50000 - 0x00007ff6b9d60000 	C:\Program Files\Java\jdk-19\bin\java.exe
0x00007ffec3a30000 - 0x00007ffec3c44000 	C:\WINDOWS\SYSTEM32\ntdll.dll
0x00007ffec2930000 - 0x00007ffec29f3000 	C:\WINDOWS\System32\KERNEL32.DLL
0x00007ffec12c0000 - 0x00007ffec165c000 	C:\WINDOWS\System32\KERNELBASE.dll
0x00007ffec0e70000 - 0x00007ffec0f81000 	C:\WINDOWS\System32\ucrtbase.dll
0x00007ffe5ca30000 - 0x00007ffe5ca4b000 	C:\Program Files\Java\jdk-19\bin\VCRUNTIME140.dll
0x00007ffeb8e50000 - 0x00007ffeb8e68000 	C:\Program Files\Java\jdk-19\bin\jli.dll
0x00007ffec2e60000 - 0x00007ffec2f0e000 	C:\WINDOWS\System32\ADVAPI32.dll
0x00007ffec26a0000 - 0x00007ffec2747000 	C:\WINDOWS\System32\msvcrt.dll
0x00007ffec3130000 - 0x00007ffec31d4000 	C:\WINDOWS\System32\sechost.dll
0x00007ffec1970000 - 0x00007ffec1a85000 	C:\WINDOWS\System32\RPCRT4.dll
0x00007ffec23b0000 - 0x00007ffec255d000 	C:\WINDOWS\System32\USER32.dll
0x00007ffea52a0000 - 0x00007ffea552e000 	C:\WINDOWS\WinSxS\amd64_microsoft.windows.common-controls_6595b64144ccf1df_6.0.22621.608_none_a9444ca7c10bb01d\COMCTL32.dll
0x00007ffec1050000 - 0x00007ffec1076000 	C:\WINDOWS\System32\win32u.dll
0x00007ffec2560000 - 0x00007ffec2589000 	C:\WINDOWS\System32\GDI32.dll
0x00007ffec1100000 - 0x00007ffec1213000 	C:\WINDOWS\System32\gdi32full.dll
0x00007ffec1220000 - 0x00007ffec12ba000 	C:\WINDOWS\System32\msvcp_win.dll
0x00007ffeb6d00000 - 0x00007ffeb6d0a000 	C:\WINDOWS\SYSTEM32\VERSION.dll
0x00007ffec1930000 - 0x00007ffec1961000 	C:\WINDOWS\System32\IMM32.DLL
0x00007ffea2db0000 - 0x00007ffea2dbc000 	C:\Program Files\Java\jdk-19\bin\vcruntime140_1.dll
0x00007ffe8b2e0000 - 0x00007ffe8b36e000 	C:\Program Files\Java\jdk-19\bin\msvcp140.dll
0x00007ffe60cb0000 - 0x00007ffe61970000 	C:\Program Files\Java\jdk-19\bin\server\jvm.dll
0x00007ffea3940000 - 0x00007ffea3949000 	C:\WINDOWS\SYSTEM32\WSOCK32.dll
0x00007ffeba670000 - 0x00007ffeba6a4000 	C:\WINDOWS\SYSTEM32\WINMM.dll
0x00007ffec30b0000 - 0x00007ffec3121000 	C:\WINDOWS\System32\WS2_32.dll
0x00007ffebfe80000 - 0x00007ffebfe98000 	C:\WINDOWS\SYSTEM32\kernel.appcore.dll
0x00007ffea2b80000 - 0x00007ffea2b8a000 	C:\Program Files\Java\jdk-19\bin\jimage.dll
0x00007ffebe7c0000 - 0x00007ffebe9ee000 	C:\WINDOWS\SYSTEM32\DBGHELP.DLL
0x00007ffec31e0000 - 0x00007ffec3569000 	C:\WINDOWS\System32\combase.dll
0x00007ffec2be0000 - 0x00007ffec2cb7000 	C:\WINDOWS\System32\OLEAUT32.dll
0x00007ffeaa1e0000 - 0x00007ffeaa212000 	C:\WINDOWS\SYSTEM32\dbgcore.DLL
0x00007ffec1080000 - 0x00007ffec10fb000 	C:\WINDOWS\System32\bcryptPrimitives.dll
0x00007ffe5c9c0000 - 0x00007ffe5c9e6000 	C:\Program Files\Java\jdk-19\bin\java.dll
0x00007ffe5c8e0000 - 0x00007ffe5c9b7000 	C:\Program Files\Java\jdk-19\bin\jsvml.dll
0x00007ffec1a90000 - 0x00007ffec2280000 	C:\WINDOWS\System32\SHELL32.dll
0x00007ffebee30000 - 0x00007ffebf6fe000 	C:\WINDOWS\SYSTEM32\windows.storage.dll
0x00007ffebecf0000 - 0x00007ffebee2e000 	C:\WINDOWS\SYSTEM32\wintypes.dll
0x00007ffec2750000 - 0x00007ffec2841000 	C:\WINDOWS\System32\SHCORE.dll
0x00007ffec1870000 - 0x00007ffec18ce000 	C:\WINDOWS\System32\shlwapi.dll
0x00007ffec0da0000 - 0x00007ffec0dc1000 	C:\WINDOWS\SYSTEM32\profapi.dll
0x00007ffe5c410000 - 0x00007ffe5c423000 	C:\Program Files\Java\jdk-19\bin\net.dll
0x00007ffebb3b0000 - 0x00007ffebb4df000 	C:\WINDOWS\SYSTEM32\WINHTTP.dll
0x00007ffec0300000 - 0x00007ffec0369000 	C:\WINDOWS\system32\mswsock.dll
0x00007ffe5c3f0000 - 0x00007ffe5c406000 	C:\Program Files\Java\jdk-19\bin\nio.dll
0x00007ffe5c3d0000 - 0x00007ffe5c3e8000 	C:\Program Files\Java\jdk-19\bin\zip.dll
0x00007ffe62430000 - 0x00007ffe625c1000 	C:\Program Files\Java\jdk-19\bin\awt.dll
0x00007ffebdce0000 - 0x00007ffebdd77000 	C:\WINDOWS\SYSTEM32\apphelp.dll
0x00007ffebdf20000 - 0x00007ffebdfcb000 	C:\WINDOWS\system32\uxtheme.dll
0x00007ffec2280000 - 0x00007ffec239e000 	C:\WINDOWS\System32\MSCTF.dll
0x00007ffec2cc0000 - 0x00007ffec2e5c000 	C:\WINDOWS\System32\ole32.dll
0x00007ffebe3a0000 - 0x00007ffebe3cb000 	C:\WINDOWS\system32\DWMAPI.DLL
0x00007ffe8aa00000 - 0x00007ffe8aa86000 	C:\Program Files\Java\jdk-19\bin\freetype.dll
0x00007ffe87350000 - 0x00007ffe873f9000 	C:\Program Files\Java\jdk-19\bin\fontmanager.dll

dbghelp: loaded successfully - version: 4.0.5 - missing functions: none
symbol engine: initialized successfully - sym options: 0x614 - pdb path: .;C:\Program Files\Java\jdk-19\bin;C:\WINDOWS\SYSTEM32;C:\WINDOWS\WinSxS\amd64_microsoft.windows.common-controls_6595b64144ccf1df_6.0.22621.608_none_a9444ca7c10bb01d;C:\Program Files\Java\jdk-19\bin\server

VM Arguments:
jvm_args: -Dfile.encoding=UTF-8 --module-path=C:\Users\Gertrude\OneDrive\Desktop\FamilySaving\build\classes 
java_command: Family.Children
java_class_path (initial): C:\Users\Gertrude\Downloads\mysql-connector-j-8.0.31\mysql-connector-j-8.0.31\mysql-connector-j-8.0.31.jar;C:\Users\Gertrude\OneDrive\Desktop\FamilySaving\build\classes
Launcher Type: SUN_STANDARD

[Global flags]
     intx CICompilerCount                          = 4                                         {product} {ergonomic}
     uint ConcGCThreads                            = 2                                         {product} {ergonomic}
     uint G1ConcRefinementThreads                  = 8                                         {product} {ergonomic}
   size_t G1HeapRegionSize                         = 1048576                                   {product} {ergonomic}
    uintx GCDrainStackTargetSize                   = 64                                        {product} {ergonomic}
   size_t InitialHeapSize                          = 127926272                                 {product} {ergonomic}
   size_t MarkStackSize                            = 4194304                                   {product} {ergonomic}
   size_t MaxHeapSize                              = 2040528896                                {product} {ergonomic}
   size_t MaxNewSize                               = 1223688192                                {product} {ergonomic}
   size_t MinHeapDeltaBytes                        = 1048576                                   {product} {ergonomic}
   size_t MinHeapSize                              = 8388608                                   {product} {ergonomic}
    uintx NonNMethodCodeHeapSize                   = 5839372                                {pd product} {ergonomic}
    uintx NonProfiledCodeHeapSize                  = 122909434                              {pd product} {ergonomic}
    uintx ProfiledCodeHeapSize                     = 122909434                              {pd product} {ergonomic}
    uintx ReservedCodeCacheSize                    = 251658240                              {pd product} {ergonomic}
     bool SegmentedCodeCache                       = true                                      {product} {ergonomic}
   size_t SoftMaxHeapSize                          = 2040528896                             {manageable} {ergonomic}
     bool UseCompressedClassPointers               = true                           {product lp64_product} {ergonomic}
     bool UseCompressedOops                        = true                           {product lp64_product} {ergonomic}
     bool UseG1GC                                  = true                                      {product} {ergonomic}
     bool UseLargePagesIndividualAllocation        = false                                  {pd product} {ergonomic}

Logging:
Log output configuration:
 #0: stdout all=warning uptime,level,tags foldmultilines=false
 #1: stderr all=off uptime,level,tags foldmultilines=false

Environment Variables:
PATH=C:\Program Files\Python311\Scripts\;C:\Program Files\Python311\;C:\Program Files\Common Files\Oracle\Java\javapath;C:\WINDOWS\system32;C:\WINDOWS;C:\WINDOWS\System32\Wbem;C:\WINDOWS\System32\WindowsPowerShell\v1.0\;C:\WINDOWS\System32\OpenSSH\;C:\Program Files\nodejs\;C:\ProgramData\chocolatey\bin;C:\Program Files\Go\bin;C:\Program Files\Azure Data Studio\bin;C:\Program Files\MySQL\MySQL Server 8.0\bin;C:\Program Files\Python311;\users\gertrude\appdata\roaming\python\python311\site-packages;C:\Users\Gertrude\AppData\Roaming\Python\Python311\Scripts;C:\Program Files\MySQL\MySQL Shell 8.0\bin\;C:\Users\Gertrude\AppData\Local\Microsoft\WindowsApps;C:\Program Files\CodeBlocks\MinGW\bin;C:\Users\Gertrude\AppData\Roaming\npm;C:\Users\Gertrude\AppData\Local\Programs\Microsoft VS Code\bin;C:\Users\Gertrude\go\bin;C:\Program Files\Azure Data Studio\bin;C:\Program Files\Python311;\users\gertrude\appdata\roaming\python\python311\site-packages;C:\Users\Gertrude\AppData\Roaming\Python\Python311\Scripts;
USERNAME=Gertrude
OS=Windows_NT
PROCESSOR_IDENTIFIER=Intel64 Family 6 Model 126 Stepping 5, GenuineIntel
TMP=C:\Users\Gertrude\AppData\Local\Temp
TEMP=C:\Users\Gertrude\AppData\Local\Temp



---------------  S Y S T E M  ---------------

OS:
 Windows 11 , 64 bit Build 22621 (10.0.22621.1344)
OS uptime: 4 days 18:09 hours
Hyper-V role detected

CPU: total 8 (initial active 8) (4 cores per cpu, 2 threads per core) family 6 model 126 stepping 5 microcode 0xa8, cx8, cmov, fxsr, ht, mmx, 3dnowpref, sse, sse2, sse3, ssse3, sse4.1, sse4.2, popcnt, lzcnt, tsc, tscinvbit, avx, avx2, aes, erms, clmul, bmi1, bmi2, adx, avx512f, avx512dq, avx512cd, avx512bw, avx512vl, sha, fma, vzeroupper, avx512_vpopcntdq, avx512_vpclmulqdq, avx512_vaes, avx512_vnni, clflush, clflushopt, avx512_vbmi2, avx512_vbmi, hv, rdtscp, rdpid, fsrm, gfni, avx512_bitalg

Memory: 4k page, system-wide physical 7778M (1026M free)
TotalPageFile size 9826M (AvailPageFile size 4M)
current process WorkingSet (physical memory assigned to process): 49M, peak: 49M
current process commit charge ("private bytes"): 213M, peak: 213M

vm_info: Java HotSpot(TM) 64-Bit Server VM (19+36-2238) for windows-amd64 JRE (19+36-2238), built on 2022-08-12T20:29:01Z by "mach5one" with MS VC++ 17.1 (VS2022)

END.
